This is pdfTeX, Version 3.1415926-2.3-1.40.12 (MiKTeX 2.9) (preloaded format=pdflatex 2012.9.6)  13 SEP 2012 19:16
entering extended mode
**C:/Users/Shiva/Documents/GitHub/ME552/Lab1/Docs/Tex/ME552_lab1.tex
(C:/Users/Shiva/Documents/GitHub/ME552/Lab1/Docs/Tex/ME552_lab1.tex
LaTeX2e <2011/06/27>
Babel <v3.8m> and hyphenation patterns for english, afrikaans, ancientgreek, ar
abic, armenian, assamese, basque, bengali, bokmal, bulgarian, catalan, coptic, 
croatian, czech, danish, dutch, esperanto, estonian, farsi, finnish, french, ga
lician, german, german-x-2009-06-19, greek, gujarati, hindi, hungarian, iceland
ic, indonesian, interlingua, irish, italian, kannada, kurmanji, lao, latin, lat
vian, lithuanian, malayalam, marathi, mongolian, mongolianlmc, monogreek, ngerm
an, ngerman-x-2009-06-19, nynorsk, oriya, panjabi, pinyin, polish, portuguese, 
romanian, russian, sanskrit, serbian, slovak, slovenian, spanish, swedish, swis
sgerman, tamil, telugu, turkish, turkmen, ukenglish, ukrainian, uppersorbian, u
senglishmax, welsh, loaded.
("C:\Program Files (x86)\MiKTeX 2.9\tex\latex\base\article.cls"
Document Class: article 2007/10/19 v1.4h Standard LaTeX document class
("C:\Program Files (x86)\MiKTeX 2.9\tex\latex\base\size10.clo"
File: size10.clo 2007/10/19 v1.4h Standard LaTeX file (size option)
)
\c@part=\count79
\c@section=\count80
\c@subsection=\count81
\c@subsubsection=\count82
\c@paragraph=\count83
\c@subparagraph=\count84
\c@figure=\count85
\c@table=\count86
\abovecaptionskip=\skip41
\belowcaptionskip=\skip42
\bibindent=\dimen102
)
("C:\Program Files (x86)\MiKTeX 2.9\tex\latex\ltxmisc\url.sty"
\Urlmuskip=\muskip10
Package: url 2006/04/12  ver 3.3  Verb mode for urls, etc.
)
("C:\Program Files (x86)\MiKTeX 2.9\tex\latex\amsfonts\amsfonts.sty"
Package: amsfonts 2009/06/22 v3.00 Basic AMSFonts support
\@emptytoks=\toks14
\symAMSa=\mathgroup4
\symAMSb=\mathgroup5
LaTeX Font Info:    Overwriting math alphabet `\mathfrak' in version `bold'
(Font)                  U/euf/m/n --> U/euf/b/n on input line 96.
)
("C:\Program Files (x86)\MiKTeX 2.9\tex\latex\ams\math\amsmath.sty"
Package: amsmath 2000/07/18 v2.13 AMS math features
\@mathmargin=\skip43

For additional information on amsmath, use the `?' option.
("C:\Program Files (x86)\MiKTeX 2.9\tex\latex\ams\math\amstext.sty"
Package: amstext 2000/06/29 v2.01

("C:\Program Files (x86)\MiKTeX 2.9\tex\latex\ams\math\amsgen.sty"
File: amsgen.sty 1999/11/30 v2.0
\@emptytoks=\toks15
\ex@=\dimen103
))
("C:\Program Files (x86)\MiKTeX 2.9\tex\latex\ams\math\amsbsy.sty"
Package: amsbsy 1999/11/29 v1.2d
\pmbraise@=\dimen104
)
("C:\Program Files (x86)\MiKTeX 2.9\tex\latex\ams\math\amsopn.sty"
Package: amsopn 1999/12/14 v2.01 operator names
)
\inf@bad=\count87
LaTeX Info: Redefining \frac on input line 211.
\uproot@=\count88
\leftroot@=\count89
LaTeX Info: Redefining \overline on input line 307.
\classnum@=\count90
\DOTSCASE@=\count91
LaTeX Info: Redefining \ldots on input line 379.
LaTeX Info: Redefining \dots on input line 382.
LaTeX Info: Redefining \cdots on input line 467.
\Mathstrutbox@=\box26
\strutbox@=\box27
\big@size=\dimen105
LaTeX Font Info:    Redeclaring font encoding OML on input line 567.
LaTeX Font Info:    Redeclaring font encoding OMS on input line 568.
\macc@depth=\count92
\c@MaxMatrixCols=\count93
\dotsspace@=\muskip11
\c@parentequation=\count94
\dspbrk@lvl=\count95
\tag@help=\toks16
\row@=\count96
\column@=\count97
\maxfields@=\count98
\andhelp@=\toks17
\eqnshift@=\dimen106
\alignsep@=\dimen107
\tagshift@=\dimen108
\tagwidth@=\dimen109
\totwidth@=\dimen110
\lineht@=\dimen111
\@envbody=\toks18
\multlinegap=\skip44
\multlinetaggap=\skip45
\mathdisplay@stack=\toks19
LaTeX Info: Redefining \[ on input line 2666.
LaTeX Info: Redefining \] on input line 2667.
)
("C:\Program Files (x86)\MiKTeX 2.9\tex\latex\amsfonts\amssymb.sty"
Package: amssymb 2009/06/22 v3.00
)
("C:\Program Files (x86)\MiKTeX 2.9\tex\latex\ams\classes\amsthm.sty"
Package: amsthm 2004/08/06 v2.20
\thm@style=\toks20
\thm@bodyfont=\toks21
\thm@headfont=\toks22
\thm@notefont=\toks23
\thm@headpunct=\toks24
\thm@preskip=\skip46
\thm@postskip=\skip47
\thm@headsep=\skip48
\dth@everypar=\toks25
)
("C:\Program Files (x86)\MiKTeX 2.9\tex\latex\graphics\color.sty"
Package: color 2005/11/14 v1.0j Standard LaTeX Color (DPC)

("C:\Program Files (x86)\MiKTeX 2.9\tex\latex\00miktex\color.cfg"
File: color.cfg 2007/01/18 v1.5 color configuration of teTeX/TeXLive
)
Package color Info: Driver file: pdftex.def on input line 130.

("C:\Program Files (x86)\MiKTeX 2.9\tex\latex\pdftex-def\pdftex.def"
File: pdftex.def 2011/05/27 v0.06d Graphics/color for pdfTeX

("C:\Program Files (x86)\MiKTeX 2.9\tex\generic\oberdiek\infwarerr.sty"
Package: infwarerr 2010/04/08 v1.3 Providing info/warning/error messages (HO)
)
("C:\Program Files (x86)\MiKTeX 2.9\tex\generic\oberdiek\ltxcmds.sty"
Package: ltxcmds 2011/11/09 v1.22 LaTeX kernel commands for general use (HO)
)
\Gread@gobject=\count99
))
("C:\Program Files (x86)\MiKTeX 2.9\tex\latex\tools\enumerate.sty"
Package: enumerate 1999/03/05 v3.00 enumerate extensions (DPC)
\@enLab=\toks26
)
\c@theorem=\count100
\c@fact=\count101
\c@example=\count102
\c@exercise=\count103
\c@algorithm=\count104
\c@question=\count105

("C:\Program Files (x86)\MiKTeX 2.9\tex\latex\graphics\graphicx.sty"
Package: graphicx 1999/02/16 v1.0f Enhanced LaTeX Graphics (DPC,SPQR)

("C:\Program Files (x86)\MiKTeX 2.9\tex\latex\graphics\keyval.sty"
Package: keyval 1999/03/16 v1.13 key=value parser (DPC)
\KV@toks@=\toks27
)
("C:\Program Files (x86)\MiKTeX 2.9\tex\latex\graphics\graphics.sty"
Package: graphics 2009/02/05 v1.0o Standard LaTeX Graphics (DPC,SPQR)

("C:\Program Files (x86)\MiKTeX 2.9\tex\latex\graphics\trig.sty"
Package: trig 1999/03/16 v1.09 sin cos tan (DPC)
)
("C:\Program Files (x86)\MiKTeX 2.9\tex\latex\00miktex\graphics.cfg"
File: graphics.cfg 2007/01/18 v1.5 graphics configuration of teTeX/TeXLive
)
Package graphics Info: Driver file: pdftex.def on input line 91.
)
\Gin@req@height=\dimen112
\Gin@req@width=\dimen113
)
(C:\Users\Shiva\Documents\GitHub\ME552\Lab1\Docs\Tex\ME552_lab1.aux)
LaTeX Font Info:    Checking defaults for OML/cmm/m/it on input line 78.
LaTeX Font Info:    ... okay on input line 78.
LaTeX Font Info:    Checking defaults for T1/cmr/m/n on input line 78.
LaTeX Font Info:    ... okay on input line 78.
LaTeX Font Info:    Checking defaults for OT1/cmr/m/n on input line 78.
LaTeX Font Info:    ... okay on input line 78.
LaTeX Font Info:    Checking defaults for OMS/cmsy/m/n on input line 78.
LaTeX Font Info:    ... okay on input line 78.
LaTeX Font Info:    Checking defaults for OMX/cmex/m/n on input line 78.
LaTeX Font Info:    ... okay on input line 78.
LaTeX Font Info:    Checking defaults for U/cmr/m/n on input line 78.
LaTeX Font Info:    ... okay on input line 78.

(C:\Users\Shiva\AppData\Roaming\MiKTeX\2.9\tex\context\base\supp-pdf.mkii
[Loading MPS to PDF converter (version 2006.09.02).]
\scratchcounter=\count106
\scratchdimen=\dimen114
\scratchbox=\box28
\nofMPsegments=\count107
\nofMParguments=\count108
\everyMPshowfont=\toks28
\MPscratchCnt=\count109
\MPscratchDim=\dimen115
\MPnumerator=\count110
\makeMPintoPDFobject=\count111
\everyMPtoPDFconversion=\toks29
) <q1_circuitDiagram.png, id=1, 649.16211pt x 358.18027pt>
File: q1_circuitDiagram.png Graphic file (type png)

<use q1_circuitDiagram.png>
Package pdftex.def Info: q1_circuitDiagram.png used on input line 96.
(pdftex.def)             Requested size: 284.52756pt x 156.98767pt.
LaTeX Font Info:    Try loading font information for U+msa on input line 103.

("C:\Program Files (x86)\MiKTeX 2.9\tex\latex\amsfonts\umsa.fd"
File: umsa.fd 2009/06/22 v3.00 AMS symbols A
)
LaTeX Font Info:    Try loading font information for U+msb on input line 103.

("C:\Program Files (x86)\MiKTeX 2.9\tex\latex\amsfonts\umsb.fd"
File: umsb.fd 2009/06/22 v3.00 AMS symbols B
)
<revised-lead-lag-simplified.png, id=2, 649.16211pt x 272.59737pt>
File: revised-lead-lag-simplified.png Graphic file (type png)

<use revised-lead-lag-simplified.png>
Package pdftex.def Info: revised-lead-lag-simplified.png used on input line 106
.
(pdftex.def)             Requested size: 284.52756pt x 119.47734pt.


LaTeX Warning: `h' float specifier changed to `ht'.

[1

{C:/Users/Shiva/AppData/Local/MiKTeX/2.9/pdftex/config/pdftex.map} <C:/Users/Sh
iva/Documents/GitHub/ME552/Lab1/Docs/Tex/q1_circuitDiagram.png>]
LaTeX Font Info:    Try loading font information for OMS+cmr on input line 137.


("C:\Program Files (x86)\MiKTeX 2.9\tex\latex\base\omscmr.fd"
File: omscmr.fd 1999/05/25 v2.5h Standard LaTeX font definitions
)
LaTeX Font Info:    Font shape `OMS/cmr/m/n' in size <10> not available
(Font)              Font shape `OMS/cmsy/m/n' tried instead on input line 137.
 [2 <C:/Users/Shiva/Documents/GitHub/ME552/Lab1/Docs/Tex/revised-lead-lag-simpl
ified.png>]
<bodeplot.png, id=25, 1122.1925pt x 673.51625pt>
File: bodeplot.png Graphic file (type png)
 <use bodeplot.png>
Package pdftex.def Info: bodeplot.png used on input line 191.
(pdftex.def)             Requested size: 483.69684pt x 290.30518pt.

Overfull \hbox (13.94185pt too wide) in paragraph at lines 191--192
 [] 
 []

[3] [4 <C:/Users/Shiva/Documents/GitHub/ME552/Lab1/Docs/Tex/bodeplot.png (PNG c
opy)>]
Underfull \hbox (badness 10000) in paragraph at lines 221--222

 []

<blockDiagram.png, id=34, 2152.04pt x 721.69624pt>
File: blockDiagram.png Graphic file (type png)
 <use blockDiagram.png>
Package pdftex.def Info: blockDiagram.png used on input line 250.
(pdftex.def)             Requested size: 483.69684pt x 162.20946pt.

Overfull \hbox (13.94185pt too wide) in paragraph at lines 250--251
 [] 
 []


LaTeX Warning: `h' float specifier changed to `ht'.

<frontPannel.png, id=36, 1222.5675pt x 932.48375pt>
File: frontPannel.png Graphic file (type png)
 <use frontPannel.png>
Package pdftex.def Info: frontPannel.png used on input line 258.
(pdftex.def)             Requested size: 284.52756pt x 217.01366pt.


LaTeX Warning: `h' float specifier changed to `ht'.

<q2_circuitDiagram.png, id=37, 649.16211pt x 289.08pt>
File: q2_circuitDiagram.png Graphic file (type png)

<use q2_circuitDiagram.png>
Package pdftex.def Info: q2_circuitDiagram.png used on input line 270.
(pdftex.def)             Requested size: 284.52756pt x 126.70155pt.
 [5]

LaTeX Warning: `h' float specifier changed to `ht'.


Underfull \hbox (badness 10000) in paragraph at lines 278--279

 []

<lab1_q2_kvl1.png, id=42, 649.16211pt x 301.125pt>
File: lab1_q2_kvl1.png Graphic file (type png)
 <use lab1_q2_kvl1.png>
Package pdftex.def Info: lab1_q2_kvl1.png used on input line 283.
(pdftex.def)             Requested size: 170.71652pt x 79.18663pt.


LaTeX Warning: `h' float specifier changed to `ht'.

<lab1_q2_kvl2.png, id=43, 649.16211pt x 452.63843pt>
File: lab1_q2_kvl2.png Graphic file (type png)
 <use lab1_q2_kvl2.png>
Package pdftex.def Info: lab1_q2_kvl2.png used on input line 304.
(pdftex.def)             Requested size: 170.71652pt x 119.03001pt.


LaTeX Warning: `h' float specifier changed to `ht'.

[6 <C:/Users/Shiva/Documents/GitHub/ME552/Lab1/Docs/Tex/blockDiagram.png>]
[7 <C:/Users/Shiva/Documents/GitHub/ME552/Lab1/Docs/Tex/frontPannel.png> <C:/Us
ers/Shiva/Documents/GitHub/ME552/Lab1/Docs/Tex/q2_circuitDiagram.png>] [8 <C:/U
sers/Shiva/Documents/GitHub/ME552/Lab1/Docs/Tex/lab1_q2_kvl1.png> <C:/Users/Shi
va/Documents/GitHub/ME552/Lab1/Docs/Tex/lab1_q2_kvl2.png>]

LaTeX Warning: `h' float specifier changed to `ht'.


Overfull \hbox (3.96797pt too wide) in paragraph at lines 391--399
 [] 
 []

[9] <problem2f_set3.png, id=61, 562.1pt x 420.57124pt>
File: problem2f_set3.png Graphic file (type png)

<use problem2f_set3.png>
Package pdftex.def Info: problem2f_set3.png used on input line 409.
(pdftex.def)             Requested size: 284.52756pt x 212.88414pt.


LaTeX Warning: `h' float specifier changed to `ht'.

<set3problem2.png, id=62, 478.03593pt x 740.0147pt>
File: set3problem2.png Graphic file (type png)
 <use set3problem2.png>
Package pdftex.def Info: set3problem2.png used on input line 419.
(pdftex.def)             Requested size: 284.52756pt x 440.45535pt.


LaTeX Warning: `h' float specifier changed to `ht'.

<problem2g_set1.png, id=63, 1381.16pt x 685.56125pt>
File: problem2g_set1.png Graphic file (type png)
 <use problem2g_set1.png>
Package pdftex.def Info: problem2g_set1.png used on input line 449.
(pdftex.def)             Requested size: 426.79134pt x 211.84183pt.

<problem2g_set2.png, id=64, 1381.16pt x 677.53125pt>
File: problem2g_set2.png Graphic file (type png)
 <use problem2g_set2.png>
Package pdftex.def Info: problem2g_set2.png used on input line 457.
(pdftex.def)             Requested size: 426.79134pt x 209.36052pt.

<set2partgproblem2.png, id=65, 788.19469pt x 685.8122pt>
File: set2partgproblem2.png Graphic file (type png)

<use set2partgproblem2.png>
Package pdftex.def Info: set2partgproblem2.png used on input line 465.
(pdftex.def)             Requested size: 284.52756pt x 247.56194pt.

Underfull \hbox (badness 10000) in paragraph at lines 471--472

 []

[10] [11 <C:/Users/Shiva/Documents/GitHub/ME552/Lab1/Docs/Tex/problem2f_set3.pn
g (PNG copy)>] <problem2_h.png, id=72, 636.12656pt x 619.56468pt>
File: problem2_h.png Graphic file (type png)

<use problem2_h.png>
Package pdftex.def Info: problem2_h.png used on input line 501.
(pdftex.def)             Requested size: 426.79134pt x 415.6734pt.
 <problem2h_plot.png, id=73, 1122.1925pt x 673.51625pt>
File: problem2h_plot.png Graphic file (type png)

<use problem2h_plot.png>
Package pdftex.def Info: problem2h_plot.png used on input line 509.
(pdftex.def)             Requested size: 426.79134pt x 256.14436pt.
 [12]
Underfull \hbox (badness 10000) in paragraph at lines 522--524

 []


Underfull \hbox (badness 10000) in paragraph at lines 525--527

 []


Underfull \hbox (badness 10000) in paragraph at lines 528--530

 []

[13] [14 <C:/Users/Shiva/Documents/GitHub/ME552/Lab1/Docs/Tex/set3problem2.png>
] [15 <C:/Users/Shiva/Documents/GitHub/ME552/Lab1/Docs/Tex/problem2g_set1.png (
PNG copy)> <C:/Users/Shiva/Documents/GitHub/ME552/Lab1/Docs/Tex/problem2g_set2.
png (PNG copy)>] [16 <C:/Users/Shiva/Documents/GitHub/ME552/Lab1/Docs/Tex/set2p
artgproblem2.png>] [17 <C:/Users/Shiva/Documents/GitHub/ME552/Lab1/Docs/Tex/pro
blem2_h.png>] [18 <C:/Users/Shiva/Documents/GitHub/ME552/Lab1/Docs/Tex/problem2
h_plot.png (PNG copy)>]
(C:\Users\Shiva\Documents\GitHub\ME552\Lab1\Docs\Tex\ME552_lab1.aux) ) 
Here is how much of TeX's memory you used:
 2415 strings out of 494045
 30661 string characters out of 3145970
 93969 words of memory out of 3000000
 5675 multiletter control sequences out of 15000+200000
 11547 words of font info for 44 fonts, out of 3000000 for 9000
 715 hyphenation exceptions out of 8191
 27i,11n,22p,1206b,277s stack positions out of 5000i,500n,10000p,200000b,50000s
<C:/Progr
am Files (x86)/MiKTeX 2.9/fonts/type1/public/amsfonts/cm/cmbx10.pfb><C:/Program
 Files (x86)/MiKTeX 2.9/fonts/type1/public/amsfonts/cm/cmbx12.pfb><C:/Program F
iles (x86)/MiKTeX 2.9/fonts/type1/public/amsfonts/cm/cmcsc10.pfb><C:/Program Fi
les (x86)/MiKTeX 2.9/fonts/type1/public/amsfonts/cm/cmex10.pfb><C:/Program File
s (x86)/MiKTeX 2.9/fonts/type1/public/amsfonts/cm/cmmi10.pfb><C:/Program Files 
(x86)/MiKTeX 2.9/fonts/type1/public/amsfonts/cm/cmmi5.pfb><C:/Program Files (x8
6)/MiKTeX 2.9/fonts/type1/public/amsfonts/cm/cmmi6.pfb><C:/Program Files (x86)/
MiKTeX 2.9/fonts/type1/public/amsfonts/cm/cmmi7.pfb><C:/Program Files (x86)/MiK
TeX 2.9/fonts/type1/public/amsfonts/cm/cmr10.pfb><C:/Program Files (x86)/MiKTeX
 2.9/fonts/type1/public/amsfonts/cm/cmr17.pfb><C:/Program Files (x86)/MiKTeX 2.
9/fonts/type1/public/amsfonts/cm/cmr5.pfb><C:/Program Files (x86)/MiKTeX 2.9/fo
nts/type1/public/amsfonts/cm/cmr6.pfb><C:/Program Files (x86)/MiKTeX 2.9/fonts/
type1/public/amsfonts/cm/cmr7.pfb><C:/Program Files (x86)/MiKTeX 2.9/fonts/type
1/public/amsfonts/cm/cmr8.pfb><C:/Program Files (x86)/MiKTeX 2.9/fonts/type1/pu
blic/amsfonts/cm/cmr9.pfb><C:/Program Files (x86)/MiKTeX 2.9/fonts/type1/public
/amsfonts/cm/cmsy10.pfb><C:/Program Files (x86)/MiKTeX 2.9/fonts/type1/public/a
msfonts/cm/cmsy7.pfb><C:/Program Files (x86)/MiKTeX 2.9/fonts/type1/public/amsf
onts/cm/cmti10.pfb><C:/Program Files (x86)/MiKTeX 2.9/fonts/type1/public/amsfon
ts/cm/cmti9.pfb><C:/Program Files (x86)/MiKTeX 2.9/fonts/type1/public/amsfonts/
symbols/msam10.pfb>
Output written on ME552_lab1.pdf (18 pages, 732358 bytes).
PDF statistics:
 158 PDF objects out of 1000 (max. 8388607)
 0 named destinations out of 1000 (max. 500000)
 76 words of extra memory for PDF output out of 10000 (max. 10000000)

