This is pdfTeX, Version 3.1415926-2.3-1.40.12 (MiKTeX 2.9) (preloaded format=pdflatex 2012.9.6)  27 SEP 2012 15:24
entering extended mode
**C:/Users/Shiva/Documents/GitHub/ME552/Lab2/DocsPart2/Tex/ME552_Lab2B.tex
(C:/Users/Shiva/Documents/GitHub/ME552/Lab2/DocsPart2/Tex/ME552_Lab2B.tex
LaTeX2e <2011/06/27>
Babel <v3.8m> and hyphenation patterns for english, afrikaans, ancientgreek, ar
abic, armenian, assamese, basque, bengali, bokmal, bulgarian, catalan, coptic, 
croatian, czech, danish, dutch, esperanto, estonian, farsi, finnish, french, ga
lician, german, german-x-2009-06-19, greek, gujarati, hindi, hungarian, iceland
ic, indonesian, interlingua, irish, italian, kannada, kurmanji, lao, latin, lat
vian, lithuanian, malayalam, marathi, mongolian, mongolianlmc, monogreek, ngerm
an, ngerman-x-2009-06-19, nynorsk, oriya, panjabi, pinyin, polish, portuguese, 
romanian, russian, sanskrit, serbian, slovak, slovenian, spanish, swedish, swis
sgerman, tamil, telugu, turkish, turkmen, ukenglish, ukrainian, uppersorbian, u
senglishmax, welsh, loaded.
("C:\Program Files (x86)\MiKTeX 2.9\tex\latex\base\article.cls"
Document Class: article 2007/10/19 v1.4h Standard LaTeX document class
("C:\Program Files (x86)\MiKTeX 2.9\tex\latex\base\size10.clo"
File: size10.clo 2007/10/19 v1.4h Standard LaTeX file (size option)
)
\c@part=\count79
\c@section=\count80
\c@subsection=\count81
\c@subsubsection=\count82
\c@paragraph=\count83
\c@subparagraph=\count84
\c@figure=\count85
\c@table=\count86
\abovecaptionskip=\skip41
\belowcaptionskip=\skip42
\bibindent=\dimen102
)
("C:\Program Files (x86)\MiKTeX 2.9\tex\latex\ltxmisc\url.sty"
\Urlmuskip=\muskip10
Package: url 2006/04/12  ver 3.3  Verb mode for urls, etc.
)
("C:\Program Files (x86)\MiKTeX 2.9\tex\latex\amsfonts\amsfonts.sty"
Package: amsfonts 2009/06/22 v3.00 Basic AMSFonts support
\@emptytoks=\toks14
\symAMSa=\mathgroup4
\symAMSb=\mathgroup5
LaTeX Font Info:    Overwriting math alphabet `\mathfrak' in version `bold'
(Font)                  U/euf/m/n --> U/euf/b/n on input line 96.
)
("C:\Program Files (x86)\MiKTeX 2.9\tex\latex\ams\math\amsmath.sty"
Package: amsmath 2000/07/18 v2.13 AMS math features
\@mathmargin=\skip43

For additional information on amsmath, use the `?' option.
("C:\Program Files (x86)\MiKTeX 2.9\tex\latex\ams\math\amstext.sty"
Package: amstext 2000/06/29 v2.01

("C:\Program Files (x86)\MiKTeX 2.9\tex\latex\ams\math\amsgen.sty"
File: amsgen.sty 1999/11/30 v2.0
\@emptytoks=\toks15
\ex@=\dimen103
))
("C:\Program Files (x86)\MiKTeX 2.9\tex\latex\ams\math\amsbsy.sty"
Package: amsbsy 1999/11/29 v1.2d
\pmbraise@=\dimen104
)
("C:\Program Files (x86)\MiKTeX 2.9\tex\latex\ams\math\amsopn.sty"
Package: amsopn 1999/12/14 v2.01 operator names
)
\inf@bad=\count87
LaTeX Info: Redefining \frac on input line 211.
\uproot@=\count88
\leftroot@=\count89
LaTeX Info: Redefining \overline on input line 307.
\classnum@=\count90
\DOTSCASE@=\count91
LaTeX Info: Redefining \ldots on input line 379.
LaTeX Info: Redefining \dots on input line 382.
LaTeX Info: Redefining \cdots on input line 467.
\Mathstrutbox@=\box26
\strutbox@=\box27
\big@size=\dimen105
LaTeX Font Info:    Redeclaring font encoding OML on input line 567.
LaTeX Font Info:    Redeclaring font encoding OMS on input line 568.
\macc@depth=\count92
\c@MaxMatrixCols=\count93
\dotsspace@=\muskip11
\c@parentequation=\count94
\dspbrk@lvl=\count95
\tag@help=\toks16
\row@=\count96
\column@=\count97
\maxfields@=\count98
\andhelp@=\toks17
\eqnshift@=\dimen106
\alignsep@=\dimen107
\tagshift@=\dimen108
\tagwidth@=\dimen109
\totwidth@=\dimen110
\lineht@=\dimen111
\@envbody=\toks18
\multlinegap=\skip44
\multlinetaggap=\skip45
\mathdisplay@stack=\toks19
LaTeX Info: Redefining \[ on input line 2666.
LaTeX Info: Redefining \] on input line 2667.
)
("C:\Program Files (x86)\MiKTeX 2.9\tex\latex\amsfonts\amssymb.sty"
Package: amssymb 2009/06/22 v3.00
)
("C:\Program Files (x86)\MiKTeX 2.9\tex\latex\ams\classes\amsthm.sty"
Package: amsthm 2004/08/06 v2.20
\thm@style=\toks20
\thm@bodyfont=\toks21
\thm@headfont=\toks22
\thm@notefont=\toks23
\thm@headpunct=\toks24
\thm@preskip=\skip46
\thm@postskip=\skip47
\thm@headsep=\skip48
\dth@everypar=\toks25
)
("C:\Program Files (x86)\MiKTeX 2.9\tex\latex\graphics\color.sty"
Package: color 2005/11/14 v1.0j Standard LaTeX Color (DPC)

("C:\Program Files (x86)\MiKTeX 2.9\tex\latex\00miktex\color.cfg"
File: color.cfg 2007/01/18 v1.5 color configuration of teTeX/TeXLive
)
Package color Info: Driver file: pdftex.def on input line 130.

("C:\Program Files (x86)\MiKTeX 2.9\tex\latex\pdftex-def\pdftex.def"
File: pdftex.def 2011/05/27 v0.06d Graphics/color for pdfTeX

("C:\Program Files (x86)\MiKTeX 2.9\tex\generic\oberdiek\infwarerr.sty"
Package: infwarerr 2010/04/08 v1.3 Providing info/warning/error messages (HO)
)
("C:\Program Files (x86)\MiKTeX 2.9\tex\generic\oberdiek\ltxcmds.sty"
Package: ltxcmds 2011/11/09 v1.22 LaTeX kernel commands for general use (HO)
)
\Gread@gobject=\count99
))
("C:\Program Files (x86)\MiKTeX 2.9\tex\latex\tools\enumerate.sty"
Package: enumerate 1999/03/05 v3.00 enumerate extensions (DPC)
\@enLab=\toks26
)
\c@theorem=\count100
\c@fact=\count101
\c@example=\count102
\c@exercise=\count103
\c@algorithm=\count104
\c@question=\count105

("C:\Program Files (x86)\MiKTeX 2.9\tex\latex\graphics\graphicx.sty"
Package: graphicx 1999/02/16 v1.0f Enhanced LaTeX Graphics (DPC,SPQR)

("C:\Program Files (x86)\MiKTeX 2.9\tex\latex\graphics\keyval.sty"
Package: keyval 1999/03/16 v1.13 key=value parser (DPC)
\KV@toks@=\toks27
)
("C:\Program Files (x86)\MiKTeX 2.9\tex\latex\graphics\graphics.sty"
Package: graphics 2009/02/05 v1.0o Standard LaTeX Graphics (DPC,SPQR)

("C:\Program Files (x86)\MiKTeX 2.9\tex\latex\graphics\trig.sty"
Package: trig 1999/03/16 v1.09 sin cos tan (DPC)
)
("C:\Program Files (x86)\MiKTeX 2.9\tex\latex\00miktex\graphics.cfg"
File: graphics.cfg 2007/01/18 v1.5 graphics configuration of teTeX/TeXLive
)
Package graphics Info: Driver file: pdftex.def on input line 91.
)
\Gin@req@height=\dimen112
\Gin@req@width=\dimen113
)
(C:\Users\Shiva\AppData\Roaming\MiKTeX\2.9\tex\latex\l3packages\xfrac\xfrac.sty

(C:\Users\Shiva\AppData\Roaming\MiKTeX\2.9\tex\latex\l3packages\l3keys2e\l3keys
2e.sty (C:\Users\Shiva\AppData\Roaming\MiKTeX\2.9\tex\latex\l3kernel\expl3.sty
(C:\Users\Shiva\AppData\Roaming\MiKTeX\2.9\tex\latex\l3kernel\l3names.sty
(C:\Users\Shiva\AppData\Roaming\MiKTeX\2.9\tex\latex\l3kernel\l3bootstrap.sty
Package: l3bootstrap 2012/07/16 v3991 L3 Experimental bootstrap code
)
Package: l3names 2012/07/16 v3990 L3 Namespace for primitives
) ("C:\Program Files (x86)\MiKTeX 2.9\tex\latex\misc\etex.sty"
Package: etex 1998/03/26 v2.0 eTeX basic definition package (PEB)
\et@xins=\count106
)
Package: expl3 2012/09/05 v4205 L3 Experimental code bundle wrapper

(C:\Users\Shiva\AppData\Roaming\MiKTeX\2.9\tex\latex\l3kernel\l3basics.sty
Package: l3basics 2012/08/27 v4144 L3 Basic definitions
)
(C:\Users\Shiva\AppData\Roaming\MiKTeX\2.9\tex\latex\l3kernel\l3expan.sty
Package: l3expan 2012/08/28 v4149 L3 Argument expansion
)
(C:\Users\Shiva\AppData\Roaming\MiKTeX\2.9\tex\latex\l3kernel\l3tl.sty
Package: l3tl 2012/09/05 v4201 L3 Token lists
)
(C:\Users\Shiva\AppData\Roaming\MiKTeX\2.9\tex\latex\l3kernel\l3seq.sty
Package: l3seq 2012/08/14 v4092 L3 Sequences and stacks
)
(C:\Users\Shiva\AppData\Roaming\MiKTeX\2.9\tex\latex\l3kernel\l3int.sty
Package: l3int 2012/08/17 v4121 L3 Integers
\c_max_int=\count107
\l_tmpa_int=\count108
\l_tmpb_int=\count109
\g_tmpa_int=\count110
\g_tmpb_int=\count111
\l_tmpc_int=\count112
)
(C:\Users\Shiva\AppData\Roaming\MiKTeX\2.9\tex\latex\l3kernel\l3quark.sty
Package: l3quark 2012/08/08 v4065 L3 Quarks
)
(C:\Users\Shiva\AppData\Roaming\MiKTeX\2.9\tex\latex\l3kernel\l3prg.sty
Package: l3prg 2012/08/16 v4114 L3 Control structures
\g__prg_map_int=\count113
)
(C:\Users\Shiva\AppData\Roaming\MiKTeX\2.9\tex\latex\l3kernel\l3clist.sty
Package: l3clist 2012/08/15 v4102 L3 Comma separated lists
)
(C:\Users\Shiva\AppData\Roaming\MiKTeX\2.9\tex\latex\l3kernel\l3token.sty
Package: l3token 2012/08/08 v4069 L3 Experimental token manipulation
)
(C:\Users\Shiva\AppData\Roaming\MiKTeX\2.9\tex\latex\l3kernel\l3prop.sty
Package: l3prop 2012/09/03 v4190 L3 Property lists
)
(C:\Users\Shiva\AppData\Roaming\MiKTeX\2.9\tex\latex\l3kernel\l3msg.sty
Package: l3msg 2012/08/28 v4147 L3 Messages
)
(C:\Users\Shiva\AppData\Roaming\MiKTeX\2.9\tex\latex\l3kernel\l3file.sty
Package: l3file 2012/08/15 v4101 L3 File and I/O operations
\l__ior_stream_int=\count114
\l_iow_line_count_int=\count115
\l__iow_target_count_int=\count116
\l__iow_current_line_int=\count117
\l__iow_current_word_int=\count118
\l__iow_current_indentation_int=\count119
)
(C:\Users\Shiva\AppData\Roaming\MiKTeX\2.9\tex\latex\l3kernel\l3skip.sty
Package: l3skip 2012/08/17 v4121 L3 Dimensions and skips
\l_tmpa_dim=\dimen114
\l_tmpb_dim=\dimen115
\g_tmpa_dim=\dimen116
\g_tmpb_dim=\dimen117
\l_tmpa_skip=\skip49
\l_tmpb_skip=\skip50
\g_tmpa_skip=\skip51
\g_tmpb_skip=\skip52
\c_zero_muskip=\muskip12
\c_max_muskip=\muskip13
\l_tmpa_muskip=\muskip14
\l_tmpb_muskip=\muskip15
\g_tmpa_muskip=\muskip16
\g_tmpb_muskip=\muskip17
)
(C:\Users\Shiva\AppData\Roaming\MiKTeX\2.9\tex\latex\l3kernel\l3keys.sty
Package: l3keys 2012/07/16 v3991 L3 Experimental key-value interfaces
\g__keyval_level_int=\count120
\l_keys_choice_int=\count121
)
(C:\Users\Shiva\AppData\Roaming\MiKTeX\2.9\tex\latex\l3kernel\l3fp.sty
Package: l3fp 2012/08/28 v4151 L3 Floating points
\c__fp_leading_shift_int=\count122
\c__fp_middle_shift_int=\count123
\c__fp_trailing_shift_int=\count124
\c__fp_big_leading_shift_int=\count125
\c__fp_big_middle_shift_int=\count126
\c__fp_big_trailing_shift_int=\count127
\c__fp_Bigg_leading_shift_int=\count128
\c__fp_Bigg_middle_shift_int=\count129
\c__fp_Bigg_trailing_shift_int=\count130
)
(C:\Users\Shiva\AppData\Roaming\MiKTeX\2.9\tex\latex\l3kernel\l3box.sty
Package: l3box 2012/07/16 v3991 L3 Experimental boxes
\l_tmpb_box=\box28
\g_tmpa_box=\box29
\g_tmpb_box=\box30
)
(C:\Users\Shiva\AppData\Roaming\MiKTeX\2.9\tex\latex\l3kernel\l3coffins.sty
Package: l3coffins 2012/08/14 v4092 L3 Coffin code layer
\l__coffin_internal_box=\box31
\l__coffin_internal_dim=\dimen118
\l__coffin_offset_x_dim=\dimen119
\l__coffin_offset_y_dim=\dimen120
\l__coffin_x_dim=\dimen121
\l__coffin_y_dim=\dimen122
\l__coffin_x_prime_dim=\dimen123
\l__coffin_y_prime_dim=\dimen124
\c_empty_coffin=\box32
\l__coffin_aligned_coffin=\box33
\l__coffin_aligned_internal_coffin=\box34
\l_tmpa_coffin=\box35
\l_tmpb_coffin=\box36
\l__coffin_display_coffin=\box37
\l__coffin_display_coord_coffin=\box38
\l__coffin_display_pole_coffin=\box39
\l__coffin_display_offset_dim=\dimen125
\l__coffin_display_x_dim=\dimen126
\l__coffin_display_y_dim=\dimen127
)
(C:\Users\Shiva\AppData\Roaming\MiKTeX\2.9\tex\latex\l3kernel\l3color.sty
Package: l3color 2012/08/29 v4156 L3 Experimental color support
)
(C:\Users\Shiva\AppData\Roaming\MiKTeX\2.9\tex\latex\l3kernel\l3luatex.sty
Package: l3luatex 2012/08/03 v4049 L3 Experimental LuaTeX-specific functions
\g__cctab_allocate_int=\count131
\g__cctab_stack_int=\count132
)
(C:\Users\Shiva\AppData\Roaming\MiKTeX\2.9\tex\latex\l3kernel\l3candidates.sty
Package: l3candidates 2012/05/12 v3633 L3 Experimental additions to l3kernel
\l__box_top_dim=\dimen128
\l__box_bottom_dim=\dimen129
\l__box_left_dim=\dimen130
\l__box_right_dim=\dimen131
\l__box_top_new_dim=\dimen132
\l__box_bottom_new_dim=\dimen133
\l__box_left_new_dim=\dimen134
\l__box_right_new_dim=\dimen135
\l__box_internal_box=\box40
\l__coffin_bounding_shift_dim=\dimen136
\l__coffin_left_corner_dim=\dimen137
\l__coffin_right_corner_dim=\dimen138
\l__coffin_bottom_corner_dim=\dimen139
\l__coffin_top_corner_dim=\dimen140
\l__coffin_scaled_total_height_dim=\dimen141
\l__coffin_scaled_width_dim=\dimen142
))
(C:\Users\Shiva\AppData\Roaming\MiKTeX\2.9\tex\latex\l3packages\xparse\xparse.s
ty
Package: xparse 2012/09/05 v4205 L3 Experimental document command parser
\l__xparse_current_arg_int=\count133
\l__xparse_m_args_int=\count134
\l__xparse_mandatory_args_int=\count135
\l__xparse_processor_int=\count136
\l__xparse_v_nesting_int=\count137
)
Package: l3keys2e 2012/09/05 v4205 LaTeX2e option processing using LaTeX3 keys
) ("C:\Program Files (x86)\MiKTeX 2.9\tex\latex\base\textcomp.sty"
Package: textcomp 2005/09/27 v1.99g Standard LaTeX package
Package textcomp Info: Sub-encoding information:
(textcomp)               5 = only ISO-Adobe without \textcurrency
(textcomp)               4 = 5 + \texteuro
(textcomp)               3 = 4 + \textohm
(textcomp)               2 = 3 + \textestimated + \textcurrency
(textcomp)               1 = TS1 - \textcircled - \t
(textcomp)               0 = TS1 (full)
(textcomp)             Font families with sub-encoding setting implement
(textcomp)             only a restricted character set as indicated.
(textcomp)             Family '?' is the default used for unknown fonts.
(textcomp)             See the documentation for details.
Package textcomp Info: Setting ? sub-encoding to TS1/1 on input line 71.

("C:\Program Files (x86)\MiKTeX 2.9\tex\latex\base\ts1enc.def"
File: ts1enc.def 2001/06/05 v3.0e (jk/car/fm) Standard LaTeX file
)
LaTeX Info: Redefining \oldstylenums on input line 266.
Package textcomp Info: Setting cmr sub-encoding to TS1/0 on input line 281.
Package textcomp Info: Setting cmss sub-encoding to TS1/0 on input line 282.
Package textcomp Info: Setting cmtt sub-encoding to TS1/0 on input line 283.
Package textcomp Info: Setting cmvtt sub-encoding to TS1/0 on input line 284.
Package textcomp Info: Setting cmbr sub-encoding to TS1/0 on input line 285.
Package textcomp Info: Setting cmtl sub-encoding to TS1/0 on input line 286.
Package textcomp Info: Setting ccr sub-encoding to TS1/0 on input line 287.
Package textcomp Info: Setting ptm sub-encoding to TS1/4 on input line 288.
Package textcomp Info: Setting pcr sub-encoding to TS1/4 on input line 289.
Package textcomp Info: Setting phv sub-encoding to TS1/4 on input line 290.
Package textcomp Info: Setting ppl sub-encoding to TS1/3 on input line 291.
Package textcomp Info: Setting pag sub-encoding to TS1/4 on input line 292.
Package textcomp Info: Setting pbk sub-encoding to TS1/4 on input line 293.
Package textcomp Info: Setting pnc sub-encoding to TS1/4 on input line 294.
Package textcomp Info: Setting pzc sub-encoding to TS1/4 on input line 295.
Package textcomp Info: Setting bch sub-encoding to TS1/4 on input line 296.
Package textcomp Info: Setting put sub-encoding to TS1/5 on input line 297.
Package textcomp Info: Setting uag sub-encoding to TS1/5 on input line 298.
Package textcomp Info: Setting ugq sub-encoding to TS1/5 on input line 299.
Package textcomp Info: Setting ul8 sub-encoding to TS1/4 on input line 300.
Package textcomp Info: Setting ul9 sub-encoding to TS1/4 on input line 301.
Package textcomp Info: Setting augie sub-encoding to TS1/5 on input line 302.
Package textcomp Info: Setting dayrom sub-encoding to TS1/3 on input line 303.
Package textcomp Info: Setting dayroms sub-encoding to TS1/3 on input line 304.

Package textcomp Info: Setting pxr sub-encoding to TS1/0 on input line 305.
Package textcomp Info: Setting pxss sub-encoding to TS1/0 on input line 306.
Package textcomp Info: Setting pxtt sub-encoding to TS1/0 on input line 307.
Package textcomp Info: Setting txr sub-encoding to TS1/0 on input line 308.
Package textcomp Info: Setting txss sub-encoding to TS1/0 on input line 309.
Package textcomp Info: Setting txtt sub-encoding to TS1/0 on input line 310.
Package textcomp Info: Setting lmr sub-encoding to TS1/0 on input line 311.
Package textcomp Info: Setting lmdh sub-encoding to TS1/0 on input line 312.
Package textcomp Info: Setting lmss sub-encoding to TS1/0 on input line 313.
Package textcomp Info: Setting lmssq sub-encoding to TS1/0 on input line 314.
Package textcomp Info: Setting lmvtt sub-encoding to TS1/0 on input line 315.
Package textcomp Info: Setting qhv sub-encoding to TS1/0 on input line 316.
Package textcomp Info: Setting qag sub-encoding to TS1/0 on input line 317.
Package textcomp Info: Setting qbk sub-encoding to TS1/0 on input line 318.
Package textcomp Info: Setting qcr sub-encoding to TS1/0 on input line 319.
Package textcomp Info: Setting qcs sub-encoding to TS1/0 on input line 320.
Package textcomp Info: Setting qpl sub-encoding to TS1/0 on input line 321.
Package textcomp Info: Setting qtm sub-encoding to TS1/0 on input line 322.
Package textcomp Info: Setting qzc sub-encoding to TS1/0 on input line 323.
Package textcomp Info: Setting qhvc sub-encoding to TS1/0 on input line 324.
Package textcomp Info: Setting futs sub-encoding to TS1/4 on input line 325.
Package textcomp Info: Setting futx sub-encoding to TS1/4 on input line 326.
Package textcomp Info: Setting futj sub-encoding to TS1/4 on input line 327.
Package textcomp Info: Setting hlh sub-encoding to TS1/3 on input line 328.
Package textcomp Info: Setting hls sub-encoding to TS1/3 on input line 329.
Package textcomp Info: Setting hlst sub-encoding to TS1/3 on input line 330.
Package textcomp Info: Setting hlct sub-encoding to TS1/5 on input line 331.
Package textcomp Info: Setting hlx sub-encoding to TS1/5 on input line 332.
Package textcomp Info: Setting hlce sub-encoding to TS1/5 on input line 333.
Package textcomp Info: Setting hlcn sub-encoding to TS1/5 on input line 334.
Package textcomp Info: Setting hlcw sub-encoding to TS1/5 on input line 335.
Package textcomp Info: Setting hlcf sub-encoding to TS1/5 on input line 336.
Package textcomp Info: Setting pplx sub-encoding to TS1/3 on input line 337.
Package textcomp Info: Setting pplj sub-encoding to TS1/3 on input line 338.
Package textcomp Info: Setting ptmx sub-encoding to TS1/4 on input line 339.
Package textcomp Info: Setting ptmj sub-encoding to TS1/4 on input line 340.
)
(C:\Users\Shiva\AppData\Roaming\MiKTeX\2.9\tex\latex\l3packages\xtemplate\xtemp
late.sty
Package: xtemplate 2012/09/05 v4205 L3 Experimental prototype document function
s
\l__xtemplate_tmp_dim=\dimen143
\l__xtemplate_tmp_int=\count138
\l__xtemplate_tmp_muskip=\muskip18
\l__xtemplate_tmp_skip=\skip53
Variant \prop_get:NoNTF already defined; not changing it on line 105
Variant \prop_get:NoNT already defined; not changing it on line 106
Variant \prop_get:NoNF already defined; not changing it on line 107
)
Package: xfrac 2012/07/16 v3991 L3 Experimental split-level fractions
\l__xfrac_slash_box=\box41
\l__xfrac_tmp_box=\box42
\l__xfrac_denominator_bot_sep_dim=\dimen144
\l__xfrac_numerator_bot_sep_dim=\dimen145
\l__xfrac_numerator_top_sep_dim=\dimen146
\l__xfrac_slash_left_sep_dim=\dimen147
\l__xfrac_slash_right_sep_dim=\dimen148
\l__xfrac_slash_left_muskip=\muskip19
\l__xfrac_slash_right_muskip=\muskip20
.................................................
. xtemplate info: "declare-object-type"
. 
. Declaring object type 'xfrac' taking 3 argument(s) on line 96.
.................................................
.................................................
. LaTeX info: "xparse/define-command"
. 
. Defining document command \sfrac with arg. spec. 'omom' on line 436.
.................................................
)
(C:\Users\Shiva\Documents\GitHub\ME552\Lab2\DocsPart2\Tex\ME552_Lab2B.aux

LaTeX Warning: Label `Q2' multiply defined.

)
LaTeX Font Info:    Checking defaults for OML/cmm/m/it on input line 87.
LaTeX Font Info:    ... okay on input line 87.
LaTeX Font Info:    Checking defaults for T1/cmr/m/n on input line 87.
LaTeX Font Info:    ... okay on input line 87.
LaTeX Font Info:    Checking defaults for OT1/cmr/m/n on input line 87.
LaTeX Font Info:    ... okay on input line 87.
LaTeX Font Info:    Checking defaults for OMS/cmsy/m/n on input line 87.
LaTeX Font Info:    ... okay on input line 87.
LaTeX Font Info:    Checking defaults for OMX/cmex/m/n on input line 87.
LaTeX Font Info:    ... okay on input line 87.
LaTeX Font Info:    Checking defaults for U/cmr/m/n on input line 87.
LaTeX Font Info:    ... okay on input line 87.
LaTeX Font Info:    Checking defaults for TS1/cmr/m/n on input line 87.
LaTeX Font Info:    Try loading font information for TS1+cmr on input line 87.
 ("C:\Program Files (x86)\MiKTeX 2.9\tex\latex\base\ts1cmr.fd"
File: ts1cmr.fd 1999/05/25 v2.5h Standard LaTeX font definitions
)
LaTeX Font Info:    ... okay on input line 87.

(C:\Users\Shiva\AppData\Roaming\MiKTeX\2.9\tex\context\base\supp-pdf.mkii
[Loading MPS to PDF converter (version 2006.09.02).]
\scratchcounter=\count139
\scratchdimen=\dimen149
\scratchbox=\box43
\nofMPsegments=\count140
\nofMParguments=\count141
\everyMPshowfont=\toks28
\MPscratchCnt=\count142
\MPscratchDim=\dimen150
\MPnumerator=\count143
\makeMPintoPDFobject=\count144
\everyMPtoPDFconversion=\toks29
)
Underfull \hbox (badness 10000) in paragraph at lines 101--103

 []


Underfull \hbox (badness 10000) in paragraph at lines 104--106

 []


Underfull \hbox (badness 10000) in paragraph at lines 107--109

 []

LaTeX Font Info:    Try loading font information for U+msa on input line 112.
("C:\Program Files (x86)\MiKTeX 2.9\tex\latex\amsfonts\umsa.fd"
File: umsa.fd 2009/06/22 v3.00 AMS symbols A
)
LaTeX Font Info:    Try loading font information for U+msb on input line 112.

("C:\Program Files (x86)\MiKTeX 2.9\tex\latex\amsfonts\umsb.fd"
File: umsb.fd 2009/06/22 v3.00 AMS symbols B
) [1

{C:/Users/Shiva/AppData/Local/MiKTeX/2.9/pdftex/config/pdftex.map}]
Underfull \hbox (badness 10000) in paragraph at lines 156--157

 []

<beam_sphere_diagram.png, id=12, 406.51875pt x 360.34625pt>
File: beam_sphere_diagram.png Graphic file (type png)

<use beam_sphere_diagram.png>
Package pdftex.def Info: beam_sphere_diagram.png used on input line 180.
(pdftex.def)             Requested size: 256.0748pt x 226.99734pt.
 [2]
<em_driver_circuit.png, id=25, 1027.84pt x 591.20876pt>
File: em_driver_circuit.png Graphic file (type png)

<use em_driver_circuit.png>
Package pdftex.def Info: em_driver_circuit.png used on input line 198.
(pdftex.def)             Requested size: 256.0748pt x 147.28761pt.

<flux_diagram.png, id=26, 298.11375pt x 472.76625pt>
File: flux_diagram.png Graphic file (type png)
 <use flux_diagram.png>
Package pdftex.def Info: flux_diagram.png used on input line 210.
(pdftex.def)             Requested size: 199.16928pt x 315.85722pt.

<magnetic_circuit.png, id=27, 1161.33875pt x 1664.2175pt>
File: magnetic_circuit.png Graphic file (type png)

<use magnetic_circuit.png>
Package pdftex.def Info: magnetic_circuit.png used on input line 217.
(pdftex.def)             Requested size: 227.62204pt x 326.1844pt.

Overfull \hbox (16.23373pt too wide) in paragraph at lines 217--218
 [][] 
 []


Underfull \hbox (badness 10000) in paragraph at lines 226--227

 []


Underfull \hbox (badness 10000) in paragraph at lines 228--229

 []

[3 <C:/Users/Shiva/Documents/GitHub/ME552/Lab2/DocsPart2/Tex/beam_sphere_diagra
m.png>]
LaTeX Font Info:    Calculating math sizes for size <6.99997> on input line 257
.


LaTeX Font Warning: Font shape `OT1/cmr/m/n' in size <3.49998> not available
(Font)              size <5> substituted on input line 257.


LaTeX Font Warning: Font shape `OML/cmm/m/it' in size <3.49998> not available
(Font)              size <5> substituted on input line 257.


LaTeX Font Warning: Font shape `OMS/cmsy/m/n' in size <3.49998> not available
(Font)              size <5> substituted on input line 257.

[4 <C:/Users/Shiva/Documents/GitHub/ME552/Lab2/DocsPart2/Tex/em_driver_circuit.
png>] [5 <C:/Users/Shiva/Documents/GitHub/ME552/Lab2/DocsPart2/Tex/flux_diagram
.png> <C:/Users/Shiva/Documents/GitHub/ME552/Lab2/DocsPart2/Tex/magnetic_circui
t.png>] <freebodydiagram.png, id=43, 234.8775pt x 284.06125pt>
File: freebodydiagram.png Graphic file (type png)

<use freebodydiagram.png>
Package pdftex.def Info: freebodydiagram.png used on input line 285.
(pdftex.def)             Requested size: 142.26378pt x 172.05478pt.
 [6 <C:/Users/Shiva/Documents/GitHub/ME552/Lab2/DocsPart2/Tex/freebodydiagram.p
ng>] [7]
Underfull \hbox (badness 10000) in paragraph at lines 378--380

 []

[8]
Underfull \hbox (badness 10000) in paragraph at lines 393--394

 []

<SensorRadianceCurve.png, id=57, 912.40875pt x 527.9725pt>
File: SensorRadianceCurve.png Graphic file (type png)

<use SensorRadianceCurve.png>
Package pdftex.def Info: SensorRadianceCurve.png used on input line 411.
(pdftex.def)             Requested size: 426.79134pt x 246.96284pt.

Underfull \hbox (badness 10000) in paragraph at lines 417--418

 []

[9] [10 <C:/Users/Shiva/Documents/GitHub/ME552/Lab2/DocsPart2/Tex/SensorRadianc
eCurve.png (PNG copy)>]
<DriverCircuitModel.png, id=64, 912.40875pt x 527.9725pt>
File: DriverCircuitModel.png Graphic file (type png)

<use DriverCircuitModel.png>
Package pdftex.def Info: DriverCircuitModel.png used on input line 453.
(pdftex.def)             Requested size: 369.88582pt x 214.03716pt.

Underfull \hbox (badness 10000) in paragraph at lines 475--477

 []

[11 <C:/Users/Shiva/Documents/GitHub/ME552/Lab2/DocsPart2/Tex/DriverCircuitMode
l.png (PNG copy)>]
Underfull \hbox (badness 10000) in paragraph at lines 487--488

 []


Underfull \hbox (badness 10000) in paragraph at lines 489--490

 []

<magnetDataFits.png, id=68, 900.36375pt x 561.09625pt>
File: magnetDataFits.png Graphic file (type png)

<use magnetDataFits.png>
Package pdftex.def Info: magnetDataFits.png used on input line 495.
(pdftex.def)             Requested size: 284.52756pt x 177.31131pt.
 [12]
<NonLinearUnControlledComplete.jpg, id=72, 657.95813pt x 268.75406pt>
File: NonLinearUnControlledComplete.jpg Graphic file (type jpg)

<use NonLinearUnControlledComplete.jpg>
Package pdftex.def Info: NonLinearUnControlledComplete.jpg used on input line 5
39.
(pdftex.def)             Requested size: 426.79134pt x 174.33128pt.

<NonLinearUnControlledActuatorBall.jpg, id=73, 529.98pt x 344.78813pt>
File: NonLinearUnControlledActuatorBall.jpg Graphic file (type jpg)

<use NonLinearUnControlledActuatorBall.jpg>
Package pdftex.def Info: NonLinearUnControlledActuatorBall.jpg used on input li
ne 547.
(pdftex.def)             Requested size: 426.79134pt x 277.66171pt.

<NonLinearUnControlledDriver.jpg, id=74, 441.14813pt x 196.48407pt>
File: NonLinearUnControlledDriver.jpg Graphic file (type jpg)

<use NonLinearUnControlledDriver.jpg>
Package pdftex.def Info: NonLinearUnControlledDriver.jpg used on input line 555
.
(pdftex.def)             Requested size: 426.79134pt x 190.09761pt.

<NonLinearUnControlledPhototransistor.jpg, id=75, 511.9125pt x 254.45062pt>
File: NonLinearUnControlledPhototransistor.jpg Graphic file (type jpg)

<use NonLinearUnControlledPhototransistor.jpg>
Package pdftex.def Info: NonLinearUnControlledPhototransistor.jpg used on input
 line 564.
(pdftex.def)             Requested size: 426.79134pt x 212.14131pt.

<LinearUnControlledComplete.jpg, id=76, 753.5653pt x 328.97906pt>
File: LinearUnControlledComplete.jpg Graphic file (type jpg)

<use LinearUnControlledComplete.jpg>
Package pdftex.def Info: LinearUnControlledComplete.jpg used on input line 574.

(pdftex.def)             Requested size: 426.79134pt x 186.32027pt.

<LinearUnControlledActuatorBall.jpg, id=77, 488.57532pt x 124.96687pt>
File: LinearUnControlledActuatorBall.jpg Graphic file (type jpg)

<use LinearUnControlledActuatorBall.jpg>
Package pdftex.def Info: LinearUnControlledActuatorBall.jpg used on input line 
582.
(pdftex.def)             Requested size: 426.79134pt x 109.1646pt.

<LinearUnControlledInitialization.jpg, id=78, 269.50688pt x 152.06813pt>
File: LinearUnControlledInitialization.jpg Graphic file (type jpg)

<use LinearUnControlledInitialization.jpg>
Package pdftex.def Info: LinearUnControlledInitialization.jpg used on input lin
e 590.
(pdftex.def)             Requested size: 284.52756pt x 160.54637pt.

<LinearUnControlledSensor.jpg, id=79, 413.29407pt x 152.06813pt>
File: LinearUnControlledSensor.jpg Graphic file (type jpg)

<use LinearUnControlledSensor.jpg>
Package pdftex.def Info: LinearUnControlledSensor.jpg used on input line 599.
(pdftex.def)             Requested size: 426.79134pt x 157.03798pt.

<Part1fNoDisturbance.jpg, id=80, 586.19pt x 471.7625pt>
File: Part1fNoDisturbance.jpg Graphic file (type jpg)

<use Part1fNoDisturbance.jpg>
Package pdftex.def Info: Part1fNoDisturbance.jpg used on input line 611.
(pdftex.def)             Requested size: 284.52756pt x 228.9845pt.
 [13 <C:/Users/Shiva/Documents/GitHub/ME552/Lab2/DocsPart2/Tex/magnetDataFits.p
ng (PNG copy)>] [14 <C:/Users/Shiva/Documents/GitHub/ME552/Lab2/DocsPart2/Tex/N
onLinearUnControlledComplete.jpg> <C:/Users/Shiva/Documents/GitHub/ME552/Lab2/D
ocsPart2/Tex/NonLinearUnControlledActuatorBall.jpg>] [15 <C:/Users/Shiva/Docume
nts/GitHub/ME552/Lab2/DocsPart2/Tex/NonLinearUnControlledDriver.jpg> <C:/Users/
Shiva/Documents/GitHub/ME552/Lab2/DocsPart2/Tex/NonLinearUnControlledPhototrans
istor.jpg>] [16 <C:/Users/Shiva/Documents/GitHub/ME552/Lab2/DocsPart2/Tex/Linea
rUnControlledComplete.jpg> <C:/Users/Shiva/Documents/GitHub/ME552/Lab2/DocsPart
2/Tex/LinearUnControlledActuatorBall.jpg> <C:/Users/Shiva/Documents/GitHub/ME55
2/Lab2/DocsPart2/Tex/LinearUnControlledInitialization.jpg>]
Underfull \hbox (badness 10000) in paragraph at lines 617--618

 []

<Part1fCloseDisturbance.jpg, id=96, 586.19pt x 471.7625pt>
File: Part1fCloseDisturbance.jpg Graphic file (type jpg)

<use Part1fCloseDisturbance.jpg>
Package pdftex.def Info: Part1fCloseDisturbance.jpg used on input line 621.
(pdftex.def)             Requested size: 284.52756pt x 228.9845pt.
 [17 <C:/Users/Shiva/Documents/GitHub/ME552/Lab2/DocsPart2/Tex/LinearUnControll
edSensor.jpg> <C:/Users/Shiva/Documents/GitHub/ME552/Lab2/DocsPart2/Tex/Part1fN
oDisturbance.jpg>]
<Part1fFarDisturbance.jpg, id=100, 586.19pt x 471.7625pt>
File: Part1fFarDisturbance.jpg Graphic file (type jpg)

<use Part1fFarDisturbance.jpg>
Package pdftex.def Info: Part1fFarDisturbance.jpg used on input line 631.
(pdftex.def)             Requested size: 284.52756pt x 228.9845pt.

Underfull \hbox (badness 10000) in paragraph at lines 640--641

 []

[18 <C:/Users/Shiva/Documents/GitHub/ME552/Lab2/DocsPart2/Tex/Part1fCloseDistur
bance.jpg>]
Underfull \hbox (badness 10000) in paragraph at lines 645--646

 []

<FigureA.jpg, id=104, 551.05875pt x 447.6725pt>
File: FigureA.jpg Graphic file (type jpg)
 <use FigureA.jpg>
Package pdftex.def Info: FigureA.jpg used on input line 649.
(pdftex.def)             Requested size: 341.43306pt x 277.3833pt.

<FigureB.jpg, id=105, 586.19pt x 471.7625pt>
File: FigureB.jpg Graphic file (type jpg)
 <use FigureB.jpg>
Package pdftex.def Info: FigureB.jpg used on input line 661.
(pdftex.def)             Requested size: 341.43306pt x 274.78139pt.
 [19 <C:/Users/Shiva/Documents/GitHub/ME552/Lab2/DocsPart2/Tex/Part1fFarDisturb
ance.jpg>]
<ClosedLoopBode2.jpg, id=110, 586.19pt x 471.7625pt>
File: ClosedLoopBode2.jpg Graphic file (type jpg)
 <use ClosedLoopBode2.jpg>
Package pdftex.def Info: ClosedLoopBode2.jpg used on input line 673.
(pdftex.def)             Requested size: 341.43306pt x 274.78139pt.

Underfull \hbox (badness 10000) in paragraph at lines 682--683

 []

<NonLinearControlledComplete.jpg, id=111, 767.11594pt x 243.15843pt>
File: NonLinearControlledComplete.jpg Graphic file (type jpg)

<use NonLinearControlledComplete.jpg>
Package pdftex.def Info: NonLinearControlledComplete.jpg used on input line 686
.
(pdftex.def)             Requested size: 398.33858pt x 126.26501pt.

<LinearControlledComplete.jpg, id=112, 886.81313pt x 306.39468pt>
File: LinearControlledComplete.jpg Graphic file (type jpg)

<use LinearControlledComplete.jpg>
Package pdftex.def Info: LinearControlledComplete.jpg used on input line 689.
(pdftex.def)             Requested size: 398.33858pt x 137.62854pt.

<Controller.jpg, id=113, 849.1725pt x 296.60812pt>
File: Controller.jpg Graphic file (type jpg)
 <use Controller.jpg>
Package pdftex.def Info: Controller.jpg used on input line 692.
(pdftex.def)             Requested size: 398.33858pt x 139.13428pt.

Underfull \hbox (badness 10000) in paragraph at lines 698--699

 []

<Part2bNoDisturbance.jpg, id=114, 586.19pt x 471.7625pt>
File: Part2bNoDisturbance.jpg Graphic file (type jpg)

<use Part2bNoDisturbance.jpg>
Package pdftex.def Info: Part2bNoDisturbance.jpg used on input line 702.
(pdftex.def)             Requested size: 227.62204pt x 183.18759pt.

Underfull \hbox (badness 10000) in paragraph at lines 708--709

 []

<Part2bCloseDisturbance.jpg, id=115, 586.19pt x 471.7625pt>
File: Part2bCloseDisturbance.jpg Graphic file (type jpg)

<use Part2bCloseDisturbance.jpg>
Package pdftex.def Info: Part2bCloseDisturbance.jpg used on input line 712.
(pdftex.def)             Requested size: 227.62204pt x 183.18759pt.

<Part2bFarDisturbance.jpg, id=116, 586.19pt x 471.7625pt>
File: Part2bFarDisturbance.jpg Graphic file (type jpg)

<use Part2bFarDisturbance.jpg>
Package pdftex.def Info: Part2bFarDisturbance.jpg used on input line 715.
(pdftex.def)             Requested size: 227.62204pt x 183.18759pt.
 [20 <C:/Users/Shiva/Documents/GitHub/ME552/Lab2/DocsPart2/Tex/FigureA.jpg>] [2
1 <C:/Users/Shiva/Documents/GitHub/ME552/Lab2/DocsPart2/Tex/FigureB.jpg>] <Bloc
kDiagram.JPG, id=123, 576.65437pt x 194.97844pt>
File: BlockDiagram.JPG Graphic file (type jpg)

<use BlockDiagram.JPG>
Package pdftex.def Info: BlockDiagram.JPG used on input line 731.
(pdftex.def)             Requested size: 426.79134pt x 144.31152pt.

Underfull \hbox (badness 10000) in paragraph at lines 744--745

 []


Underfull \hbox (badness 10000) in paragraph at lines 746--747

 []

[22 <C:/Users/Shiva/Documents/GitHub/ME552/Lab2/DocsPart2/Tex/ClosedLoopBode2.j
pg>] <BodeComparison.png, id=127, 478.78876pt x 442.65375pt>
File: BodeComparison.png Graphic file (type png)

<use BodeComparison.png>
Package pdftex.def Info: BodeComparison.png used on input line 752.
(pdftex.def)             Requested size: 426.79134pt x 394.58199pt.
 [23] [24] [25] [26] [27 <C:/Users/Shiva/Documents/GitHub/ME552/Lab2/DocsPart2/
Tex/NonLinearControlledComplete.jpg> <C:/Users/Shiva/Documents/GitHub/ME552/Lab
2/DocsPart2/Tex/LinearControlledComplete.jpg> <C:/Users/Shiva/Documents/GitHub/
ME552/Lab2/DocsPart2/Tex/Controller.jpg>] [28 <C:/Users/Shiva/Documents/GitHub/
ME552/Lab2/DocsPart2/Tex/Part2bNoDisturbance.jpg>]
[29 <C:/Users/Shiva/Documents/GitHub/ME552/Lab2/DocsPart2/Tex/Part2bCloseDistur
bance.jpg> <C:/Users/Shiva/Documents/GitHub/ME552/Lab2/DocsPart2/Tex/Part2bFarD
isturbance.jpg> <C:/Users/Shiva/Documents/GitHub/ME552/Lab2/DocsPart2/Tex/Block
Diagram.JPG>] [30 <C:/Users/Shiva/Documents/GitHub/ME552/Lab2/DocsPart2/Tex/Bod
eComparison.png>]
(C:\Users\Shiva\Documents\GitHub\ME552\Lab2\DocsPart2\Tex\ME552_Lab2B.aux)

LaTeX Font Warning: Size substitutions with differences
(Font)              up to 3.25002pt have occurred.


LaTeX Warning: There were multiply-defined labels.

 ) 
Here is how much of TeX's memory you used:
 8604 strings out of 494045
 152320 string characters out of 3145970
 194057 words of memory out of 3000000
 11747 multiletter control sequences out of 15000+200000
 17830 words of font info for 72 fonts, out of 3000000 for 9000
 715 hyphenation exceptions out of 8191
 44i,13n,31p,1288b,294s stack positions out of 5000i,500n,10000p,200000b,50000s
 <C:\Users\Shiva\AppData\Local\MiKTeX\2.9\fonts\pk\ljfour\jknappen\ec\dpi600\
tcrm1000.pk><C:/Program Files (x86)/MiKTeX 2.9/fonts/type1/public/amsfonts/cm/c
mbx10.pfb><C:/Program Files (x86)/MiKTeX 2.9/fonts/type1/public/amsfonts/cm/cmb
x12.pfb><C:/Program Files (x86)/MiKTeX 2.9/fonts/type1/public/amsfonts/cm/cmcsc
10.pfb><C:/Program Files (x86)/MiKTeX 2.9/fonts/type1/public/amsfonts/cm/cmex10
.pfb><C:/Program Files (x86)/MiKTeX 2.9/fonts/type1/public/amsfonts/cm/cmmi10.p
fb><C:/Program Files (x86)/MiKTeX 2.9/fonts/type1/public/amsfonts/cm/cmmi5.pfb>
<C:/Program Files (x86)/MiKTeX 2.9/fonts/type1/public/amsfonts/cm/cmmi7.pfb><C:
/Program Files (x86)/MiKTeX 2.9/fonts/type1/public/amsfonts/cm/cmr10.pfb><C:/Pr
ogram Files (x86)/MiKTeX 2.9/fonts/type1/public/amsfonts/cm/cmr17.pfb><C:/Progr
am Files (x86)/MiKTeX 2.9/fonts/type1/public/amsfonts/cm/cmr5.pfb><C:/Program F
iles (x86)/MiKTeX 2.9/fonts/type1/public/amsfonts/cm/cmr6.pfb><C:/Program Files
 (x86)/MiKTeX 2.9/fonts/type1/public/amsfonts/cm/cmr7.pfb><C:/Program Files (x8
6)/MiKTeX 2.9/fonts/type1/public/amsfonts/cm/cmr8.pfb><C:/Program Files (x86)/M
iKTeX 2.9/fonts/type1/public/amsfonts/cm/cmr9.pfb><C:/Program Files (x86)/MiKTe
X 2.9/fonts/type1/public/amsfonts/cm/cmsy10.pfb><C:/Program Files (x86)/MiKTeX 
2.9/fonts/type1/public/amsfonts/cm/cmsy5.pfb><C:/Program Files (x86)/MiKTeX 2.9
/fonts/type1/public/amsfonts/cm/cmsy7.pfb><C:/Program Files (x86)/MiKTeX 2.9/fo
nts/type1/public/amsfonts/cm/cmti10.pfb><C:/Program Files (x86)/MiKTeX 2.9/font
s/type1/public/amsfonts/cm/cmti9.pfb><C:/Program Files (x86)/MiKTeX 2.9/fonts/t
ype1/public/amsfonts/cm/cmtt10.pfb><C:/Program Files (x86)/MiKTeX 2.9/fonts/typ
e1/public/amsfonts/symbols/msbm10.pfb>
Output written on ME552_Lab2B.pdf (30 pages, 1002521 bytes).
PDF statistics:
 224 PDF objects out of 1000 (max. 8388607)
 0 named destinations out of 1000 (max. 500000)
 151 words of extra memory for PDF output out of 10000 (max. 10000000)

