This is pdfTeX, Version 3.1415926-2.3-1.40.12 (MiKTeX 2.9) (preloaded format=pdflatex 2012.9.6)  11 OCT 2012 19:06
entering extended mode
**C:/Users/Shiva/Documents/GitHub/ME552/Lab3/Docs/Tex/ME552_Lab3.tex
(C:/Users/Shiva/Documents/GitHub/ME552/Lab3/Docs/Tex/ME552_Lab3.tex
LaTeX2e <2011/06/27>
Babel <v3.8m> and hyphenation patterns for english, afrikaans, ancientgreek, ar
abic, armenian, assamese, basque, bengali, bokmal, bulgarian, catalan, coptic, 
croatian, czech, danish, dutch, esperanto, estonian, farsi, finnish, french, ga
lician, german, german-x-2009-06-19, greek, gujarati, hindi, hungarian, iceland
ic, indonesian, interlingua, irish, italian, kannada, kurmanji, lao, latin, lat
vian, lithuanian, malayalam, marathi, mongolian, mongolianlmc, monogreek, ngerm
an, ngerman-x-2009-06-19, nynorsk, oriya, panjabi, pinyin, polish, portuguese, 
romanian, russian, sanskrit, serbian, slovak, slovenian, spanish, swedish, swis
sgerman, tamil, telugu, turkish, turkmen, ukenglish, ukrainian, uppersorbian, u
senglishmax, welsh, loaded.
("C:\Program Files (x86)\MiKTeX 2.9\tex\latex\base\article.cls"
Document Class: article 2007/10/19 v1.4h Standard LaTeX document class
("C:\Program Files (x86)\MiKTeX 2.9\tex\latex\base\size10.clo"
File: size10.clo 2007/10/19 v1.4h Standard LaTeX file (size option)
)
\c@part=\count79
\c@section=\count80
\c@subsection=\count81
\c@subsubsection=\count82
\c@paragraph=\count83
\c@subparagraph=\count84
\c@figure=\count85
\c@table=\count86
\abovecaptionskip=\skip41
\belowcaptionskip=\skip42
\bibindent=\dimen102
)
("C:\Program Files (x86)\MiKTeX 2.9\tex\latex\ltxmisc\url.sty"
\Urlmuskip=\muskip10
Package: url 2006/04/12  ver 3.3  Verb mode for urls, etc.
)
("C:\Program Files (x86)\MiKTeX 2.9\tex\latex\amsfonts\amsfonts.sty"
Package: amsfonts 2009/06/22 v3.00 Basic AMSFonts support
\@emptytoks=\toks14
\symAMSa=\mathgroup4
\symAMSb=\mathgroup5
LaTeX Font Info:    Overwriting math alphabet `\mathfrak' in version `bold'
(Font)                  U/euf/m/n --> U/euf/b/n on input line 96.
)
("C:\Program Files (x86)\MiKTeX 2.9\tex\latex\ams\math\amsmath.sty"
Package: amsmath 2000/07/18 v2.13 AMS math features
\@mathmargin=\skip43

For additional information on amsmath, use the `?' option.
("C:\Program Files (x86)\MiKTeX 2.9\tex\latex\ams\math\amstext.sty"
Package: amstext 2000/06/29 v2.01

("C:\Program Files (x86)\MiKTeX 2.9\tex\latex\ams\math\amsgen.sty"
File: amsgen.sty 1999/11/30 v2.0
\@emptytoks=\toks15
\ex@=\dimen103
))
("C:\Program Files (x86)\MiKTeX 2.9\tex\latex\ams\math\amsbsy.sty"
Package: amsbsy 1999/11/29 v1.2d
\pmbraise@=\dimen104
)
("C:\Program Files (x86)\MiKTeX 2.9\tex\latex\ams\math\amsopn.sty"
Package: amsopn 1999/12/14 v2.01 operator names
)
\inf@bad=\count87
LaTeX Info: Redefining \frac on input line 211.
\uproot@=\count88
\leftroot@=\count89
LaTeX Info: Redefining \overline on input line 307.
\classnum@=\count90
\DOTSCASE@=\count91
LaTeX Info: Redefining \ldots on input line 379.
LaTeX Info: Redefining \dots on input line 382.
LaTeX Info: Redefining \cdots on input line 467.
\Mathstrutbox@=\box26
\strutbox@=\box27
\big@size=\dimen105
LaTeX Font Info:    Redeclaring font encoding OML on input line 567.
LaTeX Font Info:    Redeclaring font encoding OMS on input line 568.
\macc@depth=\count92
\c@MaxMatrixCols=\count93
\dotsspace@=\muskip11
\c@parentequation=\count94
\dspbrk@lvl=\count95
\tag@help=\toks16
\row@=\count96
\column@=\count97
\maxfields@=\count98
\andhelp@=\toks17
\eqnshift@=\dimen106
\alignsep@=\dimen107
\tagshift@=\dimen108
\tagwidth@=\dimen109
\totwidth@=\dimen110
\lineht@=\dimen111
\@envbody=\toks18
\multlinegap=\skip44
\multlinetaggap=\skip45
\mathdisplay@stack=\toks19
LaTeX Info: Redefining \[ on input line 2666.
LaTeX Info: Redefining \] on input line 2667.
)
("C:\Program Files (x86)\MiKTeX 2.9\tex\latex\amsfonts\amssymb.sty"
Package: amssymb 2009/06/22 v3.00
)
("C:\Program Files (x86)\MiKTeX 2.9\tex\latex\ams\classes\amsthm.sty"
Package: amsthm 2004/08/06 v2.20
\thm@style=\toks20
\thm@bodyfont=\toks21
\thm@headfont=\toks22
\thm@notefont=\toks23
\thm@headpunct=\toks24
\thm@preskip=\skip46
\thm@postskip=\skip47
\thm@headsep=\skip48
\dth@everypar=\toks25
)
("C:\Program Files (x86)\MiKTeX 2.9\tex\latex\graphics\color.sty"
Package: color 2005/11/14 v1.0j Standard LaTeX Color (DPC)

("C:\Program Files (x86)\MiKTeX 2.9\tex\latex\00miktex\color.cfg"
File: color.cfg 2007/01/18 v1.5 color configuration of teTeX/TeXLive
)
Package color Info: Driver file: pdftex.def on input line 130.

("C:\Program Files (x86)\MiKTeX 2.9\tex\latex\pdftex-def\pdftex.def"
File: pdftex.def 2011/05/27 v0.06d Graphics/color for pdfTeX

("C:\Program Files (x86)\MiKTeX 2.9\tex\generic\oberdiek\infwarerr.sty"
Package: infwarerr 2010/04/08 v1.3 Providing info/warning/error messages (HO)
)
("C:\Program Files (x86)\MiKTeX 2.9\tex\generic\oberdiek\ltxcmds.sty"
Package: ltxcmds 2011/11/09 v1.22 LaTeX kernel commands for general use (HO)
)
\Gread@gobject=\count99
))
("C:\Program Files (x86)\MiKTeX 2.9\tex\latex\tools\enumerate.sty"
Package: enumerate 1999/03/05 v3.00 enumerate extensions (DPC)
\@enLab=\toks26
)
\c@theorem=\count100
\c@fact=\count101
\c@example=\count102
\c@exercise=\count103
\c@algorithm=\count104
\c@question=\count105

("C:\Program Files (x86)\MiKTeX 2.9\tex\latex\graphics\graphicx.sty"
Package: graphicx 1999/02/16 v1.0f Enhanced LaTeX Graphics (DPC,SPQR)

("C:\Program Files (x86)\MiKTeX 2.9\tex\latex\graphics\keyval.sty"
Package: keyval 1999/03/16 v1.13 key=value parser (DPC)
\KV@toks@=\toks27
)
("C:\Program Files (x86)\MiKTeX 2.9\tex\latex\graphics\graphics.sty"
Package: graphics 2009/02/05 v1.0o Standard LaTeX Graphics (DPC,SPQR)

("C:\Program Files (x86)\MiKTeX 2.9\tex\latex\graphics\trig.sty"
Package: trig 1999/03/16 v1.09 sin cos tan (DPC)
)
("C:\Program Files (x86)\MiKTeX 2.9\tex\latex\00miktex\graphics.cfg"
File: graphics.cfg 2007/01/18 v1.5 graphics configuration of teTeX/TeXLive
)
Package graphics Info: Driver file: pdftex.def on input line 91.
)
\Gin@req@height=\dimen112
\Gin@req@width=\dimen113
)
(C:\Users\Shiva\AppData\Roaming\MiKTeX\2.9\tex\latex\l3packages\xfrac\xfrac.sty

(C:\Users\Shiva\AppData\Roaming\MiKTeX\2.9\tex\latex\l3packages\l3keys2e\l3keys
2e.sty (C:\Users\Shiva\AppData\Roaming\MiKTeX\2.9\tex\latex\l3kernel\expl3.sty
(C:\Users\Shiva\AppData\Roaming\MiKTeX\2.9\tex\latex\l3kernel\l3names.sty
(C:\Users\Shiva\AppData\Roaming\MiKTeX\2.9\tex\latex\l3kernel\l3bootstrap.sty
Package: l3bootstrap 2012/07/16 v3991 L3 Experimental bootstrap code
)
Package: l3names 2012/07/16 v3990 L3 Namespace for primitives
) ("C:\Program Files (x86)\MiKTeX 2.9\tex\latex\misc\etex.sty"
Package: etex 1998/03/26 v2.0 eTeX basic definition package (PEB)
\et@xins=\count106
)
Package: expl3 2012/09/05 v4205 L3 Experimental code bundle wrapper

(C:\Users\Shiva\AppData\Roaming\MiKTeX\2.9\tex\latex\l3kernel\l3basics.sty
Package: l3basics 2012/08/27 v4144 L3 Basic definitions
)
(C:\Users\Shiva\AppData\Roaming\MiKTeX\2.9\tex\latex\l3kernel\l3expan.sty
Package: l3expan 2012/08/28 v4149 L3 Argument expansion
)
(C:\Users\Shiva\AppData\Roaming\MiKTeX\2.9\tex\latex\l3kernel\l3tl.sty
Package: l3tl 2012/09/05 v4201 L3 Token lists
)
(C:\Users\Shiva\AppData\Roaming\MiKTeX\2.9\tex\latex\l3kernel\l3seq.sty
Package: l3seq 2012/08/14 v4092 L3 Sequences and stacks
)
(C:\Users\Shiva\AppData\Roaming\MiKTeX\2.9\tex\latex\l3kernel\l3int.sty
Package: l3int 2012/08/17 v4121 L3 Integers
\c_max_int=\count107
\l_tmpa_int=\count108
\l_tmpb_int=\count109
\g_tmpa_int=\count110
\g_tmpb_int=\count111
\l_tmpc_int=\count112
)
(C:\Users\Shiva\AppData\Roaming\MiKTeX\2.9\tex\latex\l3kernel\l3quark.sty
Package: l3quark 2012/08/08 v4065 L3 Quarks
)
(C:\Users\Shiva\AppData\Roaming\MiKTeX\2.9\tex\latex\l3kernel\l3prg.sty
Package: l3prg 2012/08/16 v4114 L3 Control structures
\g__prg_map_int=\count113
)
(C:\Users\Shiva\AppData\Roaming\MiKTeX\2.9\tex\latex\l3kernel\l3clist.sty
Package: l3clist 2012/08/15 v4102 L3 Comma separated lists
)
(C:\Users\Shiva\AppData\Roaming\MiKTeX\2.9\tex\latex\l3kernel\l3token.sty
Package: l3token 2012/08/08 v4069 L3 Experimental token manipulation
)
(C:\Users\Shiva\AppData\Roaming\MiKTeX\2.9\tex\latex\l3kernel\l3prop.sty
Package: l3prop 2012/09/03 v4190 L3 Property lists
)
(C:\Users\Shiva\AppData\Roaming\MiKTeX\2.9\tex\latex\l3kernel\l3msg.sty
Package: l3msg 2012/08/28 v4147 L3 Messages
)
(C:\Users\Shiva\AppData\Roaming\MiKTeX\2.9\tex\latex\l3kernel\l3file.sty
Package: l3file 2012/08/15 v4101 L3 File and I/O operations
\l__ior_stream_int=\count114
\l_iow_line_count_int=\count115
\l__iow_target_count_int=\count116
\l__iow_current_line_int=\count117
\l__iow_current_word_int=\count118
\l__iow_current_indentation_int=\count119
)
(C:\Users\Shiva\AppData\Roaming\MiKTeX\2.9\tex\latex\l3kernel\l3skip.sty
Package: l3skip 2012/08/17 v4121 L3 Dimensions and skips
\l_tmpa_dim=\dimen114
\l_tmpb_dim=\dimen115
\g_tmpa_dim=\dimen116
\g_tmpb_dim=\dimen117
\l_tmpa_skip=\skip49
\l_tmpb_skip=\skip50
\g_tmpa_skip=\skip51
\g_tmpb_skip=\skip52
\c_zero_muskip=\muskip12
\c_max_muskip=\muskip13
\l_tmpa_muskip=\muskip14
\l_tmpb_muskip=\muskip15
\g_tmpa_muskip=\muskip16
\g_tmpb_muskip=\muskip17
)
(C:\Users\Shiva\AppData\Roaming\MiKTeX\2.9\tex\latex\l3kernel\l3keys.sty
Package: l3keys 2012/07/16 v3991 L3 Experimental key-value interfaces
\g__keyval_level_int=\count120
\l_keys_choice_int=\count121
)
(C:\Users\Shiva\AppData\Roaming\MiKTeX\2.9\tex\latex\l3kernel\l3fp.sty
Package: l3fp 2012/08/28 v4151 L3 Floating points
\c__fp_leading_shift_int=\count122
\c__fp_middle_shift_int=\count123
\c__fp_trailing_shift_int=\count124
\c__fp_big_leading_shift_int=\count125
\c__fp_big_middle_shift_int=\count126
\c__fp_big_trailing_shift_int=\count127
\c__fp_Bigg_leading_shift_int=\count128
\c__fp_Bigg_middle_shift_int=\count129
\c__fp_Bigg_trailing_shift_int=\count130
)
(C:\Users\Shiva\AppData\Roaming\MiKTeX\2.9\tex\latex\l3kernel\l3box.sty
Package: l3box 2012/07/16 v3991 L3 Experimental boxes
\l_tmpb_box=\box28
\g_tmpa_box=\box29
\g_tmpb_box=\box30
)
(C:\Users\Shiva\AppData\Roaming\MiKTeX\2.9\tex\latex\l3kernel\l3coffins.sty
Package: l3coffins 2012/08/14 v4092 L3 Coffin code layer
\l__coffin_internal_box=\box31
\l__coffin_internal_dim=\dimen118
\l__coffin_offset_x_dim=\dimen119
\l__coffin_offset_y_dim=\dimen120
\l__coffin_x_dim=\dimen121
\l__coffin_y_dim=\dimen122
\l__coffin_x_prime_dim=\dimen123
\l__coffin_y_prime_dim=\dimen124
\c_empty_coffin=\box32
\l__coffin_aligned_coffin=\box33
\l__coffin_aligned_internal_coffin=\box34
\l_tmpa_coffin=\box35
\l_tmpb_coffin=\box36
\l__coffin_display_coffin=\box37
\l__coffin_display_coord_coffin=\box38
\l__coffin_display_pole_coffin=\box39
\l__coffin_display_offset_dim=\dimen125
\l__coffin_display_x_dim=\dimen126
\l__coffin_display_y_dim=\dimen127
)
(C:\Users\Shiva\AppData\Roaming\MiKTeX\2.9\tex\latex\l3kernel\l3color.sty
Package: l3color 2012/08/29 v4156 L3 Experimental color support
)
(C:\Users\Shiva\AppData\Roaming\MiKTeX\2.9\tex\latex\l3kernel\l3luatex.sty
Package: l3luatex 2012/08/03 v4049 L3 Experimental LuaTeX-specific functions
\g__cctab_allocate_int=\count131
\g__cctab_stack_int=\count132
)
(C:\Users\Shiva\AppData\Roaming\MiKTeX\2.9\tex\latex\l3kernel\l3candidates.sty
Package: l3candidates 2012/05/12 v3633 L3 Experimental additions to l3kernel
\l__box_top_dim=\dimen128
\l__box_bottom_dim=\dimen129
\l__box_left_dim=\dimen130
\l__box_right_dim=\dimen131
\l__box_top_new_dim=\dimen132
\l__box_bottom_new_dim=\dimen133
\l__box_left_new_dim=\dimen134
\l__box_right_new_dim=\dimen135
\l__box_internal_box=\box40
\l__coffin_bounding_shift_dim=\dimen136
\l__coffin_left_corner_dim=\dimen137
\l__coffin_right_corner_dim=\dimen138
\l__coffin_bottom_corner_dim=\dimen139
\l__coffin_top_corner_dim=\dimen140
\l__coffin_scaled_total_height_dim=\dimen141
\l__coffin_scaled_width_dim=\dimen142
))
(C:\Users\Shiva\AppData\Roaming\MiKTeX\2.9\tex\latex\l3packages\xparse\xparse.s
ty
Package: xparse 2012/09/05 v4205 L3 Experimental document command parser
\l__xparse_current_arg_int=\count133
\l__xparse_m_args_int=\count134
\l__xparse_mandatory_args_int=\count135
\l__xparse_processor_int=\count136
\l__xparse_v_nesting_int=\count137
)
Package: l3keys2e 2012/09/05 v4205 LaTeX2e option processing using LaTeX3 keys
) ("C:\Program Files (x86)\MiKTeX 2.9\tex\latex\base\textcomp.sty"
Package: textcomp 2005/09/27 v1.99g Standard LaTeX package
Package textcomp Info: Sub-encoding information:
(textcomp)               5 = only ISO-Adobe without \textcurrency
(textcomp)               4 = 5 + \texteuro
(textcomp)               3 = 4 + \textohm
(textcomp)               2 = 3 + \textestimated + \textcurrency
(textcomp)               1 = TS1 - \textcircled - \t
(textcomp)               0 = TS1 (full)
(textcomp)             Font families with sub-encoding setting implement
(textcomp)             only a restricted character set as indicated.
(textcomp)             Family '?' is the default used for unknown fonts.
(textcomp)             See the documentation for details.
Package textcomp Info: Setting ? sub-encoding to TS1/1 on input line 71.

("C:\Program Files (x86)\MiKTeX 2.9\tex\latex\base\ts1enc.def"
File: ts1enc.def 2001/06/05 v3.0e (jk/car/fm) Standard LaTeX file
)
LaTeX Info: Redefining \oldstylenums on input line 266.
Package textcomp Info: Setting cmr sub-encoding to TS1/0 on input line 281.
Package textcomp Info: Setting cmss sub-encoding to TS1/0 on input line 282.
Package textcomp Info: Setting cmtt sub-encoding to TS1/0 on input line 283.
Package textcomp Info: Setting cmvtt sub-encoding to TS1/0 on input line 284.
Package textcomp Info: Setting cmbr sub-encoding to TS1/0 on input line 285.
Package textcomp Info: Setting cmtl sub-encoding to TS1/0 on input line 286.
Package textcomp Info: Setting ccr sub-encoding to TS1/0 on input line 287.
Package textcomp Info: Setting ptm sub-encoding to TS1/4 on input line 288.
Package textcomp Info: Setting pcr sub-encoding to TS1/4 on input line 289.
Package textcomp Info: Setting phv sub-encoding to TS1/4 on input line 290.
Package textcomp Info: Setting ppl sub-encoding to TS1/3 on input line 291.
Package textcomp Info: Setting pag sub-encoding to TS1/4 on input line 292.
Package textcomp Info: Setting pbk sub-encoding to TS1/4 on input line 293.
Package textcomp Info: Setting pnc sub-encoding to TS1/4 on input line 294.
Package textcomp Info: Setting pzc sub-encoding to TS1/4 on input line 295.
Package textcomp Info: Setting bch sub-encoding to TS1/4 on input line 296.
Package textcomp Info: Setting put sub-encoding to TS1/5 on input line 297.
Package textcomp Info: Setting uag sub-encoding to TS1/5 on input line 298.
Package textcomp Info: Setting ugq sub-encoding to TS1/5 on input line 299.
Package textcomp Info: Setting ul8 sub-encoding to TS1/4 on input line 300.
Package textcomp Info: Setting ul9 sub-encoding to TS1/4 on input line 301.
Package textcomp Info: Setting augie sub-encoding to TS1/5 on input line 302.
Package textcomp Info: Setting dayrom sub-encoding to TS1/3 on input line 303.
Package textcomp Info: Setting dayroms sub-encoding to TS1/3 on input line 304.

Package textcomp Info: Setting pxr sub-encoding to TS1/0 on input line 305.
Package textcomp Info: Setting pxss sub-encoding to TS1/0 on input line 306.
Package textcomp Info: Setting pxtt sub-encoding to TS1/0 on input line 307.
Package textcomp Info: Setting txr sub-encoding to TS1/0 on input line 308.
Package textcomp Info: Setting txss sub-encoding to TS1/0 on input line 309.
Package textcomp Info: Setting txtt sub-encoding to TS1/0 on input line 310.
Package textcomp Info: Setting lmr sub-encoding to TS1/0 on input line 311.
Package textcomp Info: Setting lmdh sub-encoding to TS1/0 on input line 312.
Package textcomp Info: Setting lmss sub-encoding to TS1/0 on input line 313.
Package textcomp Info: Setting lmssq sub-encoding to TS1/0 on input line 314.
Package textcomp Info: Setting lmvtt sub-encoding to TS1/0 on input line 315.
Package textcomp Info: Setting qhv sub-encoding to TS1/0 on input line 316.
Package textcomp Info: Setting qag sub-encoding to TS1/0 on input line 317.
Package textcomp Info: Setting qbk sub-encoding to TS1/0 on input line 318.
Package textcomp Info: Setting qcr sub-encoding to TS1/0 on input line 319.
Package textcomp Info: Setting qcs sub-encoding to TS1/0 on input line 320.
Package textcomp Info: Setting qpl sub-encoding to TS1/0 on input line 321.
Package textcomp Info: Setting qtm sub-encoding to TS1/0 on input line 322.
Package textcomp Info: Setting qzc sub-encoding to TS1/0 on input line 323.
Package textcomp Info: Setting qhvc sub-encoding to TS1/0 on input line 324.
Package textcomp Info: Setting futs sub-encoding to TS1/4 on input line 325.
Package textcomp Info: Setting futx sub-encoding to TS1/4 on input line 326.
Package textcomp Info: Setting futj sub-encoding to TS1/4 on input line 327.
Package textcomp Info: Setting hlh sub-encoding to TS1/3 on input line 328.
Package textcomp Info: Setting hls sub-encoding to TS1/3 on input line 329.
Package textcomp Info: Setting hlst sub-encoding to TS1/3 on input line 330.
Package textcomp Info: Setting hlct sub-encoding to TS1/5 on input line 331.
Package textcomp Info: Setting hlx sub-encoding to TS1/5 on input line 332.
Package textcomp Info: Setting hlce sub-encoding to TS1/5 on input line 333.
Package textcomp Info: Setting hlcn sub-encoding to TS1/5 on input line 334.
Package textcomp Info: Setting hlcw sub-encoding to TS1/5 on input line 335.
Package textcomp Info: Setting hlcf sub-encoding to TS1/5 on input line 336.
Package textcomp Info: Setting pplx sub-encoding to TS1/3 on input line 337.
Package textcomp Info: Setting pplj sub-encoding to TS1/3 on input line 338.
Package textcomp Info: Setting ptmx sub-encoding to TS1/4 on input line 339.
Package textcomp Info: Setting ptmj sub-encoding to TS1/4 on input line 340.
)
(C:\Users\Shiva\AppData\Roaming\MiKTeX\2.9\tex\latex\l3packages\xtemplate\xtemp
late.sty
Package: xtemplate 2012/09/05 v4205 L3 Experimental prototype document function
s
\l__xtemplate_tmp_dim=\dimen143
\l__xtemplate_tmp_int=\count138
\l__xtemplate_tmp_muskip=\muskip18
\l__xtemplate_tmp_skip=\skip53
Variant \prop_get:NoNTF already defined; not changing it on line 105
Variant \prop_get:NoNT already defined; not changing it on line 106
Variant \prop_get:NoNF already defined; not changing it on line 107
)
Package: xfrac 2012/07/16 v3991 L3 Experimental split-level fractions
\l__xfrac_slash_box=\box41
\l__xfrac_tmp_box=\box42
\l__xfrac_denominator_bot_sep_dim=\dimen144
\l__xfrac_numerator_bot_sep_dim=\dimen145
\l__xfrac_numerator_top_sep_dim=\dimen146
\l__xfrac_slash_left_sep_dim=\dimen147
\l__xfrac_slash_right_sep_dim=\dimen148
\l__xfrac_slash_left_muskip=\muskip19
\l__xfrac_slash_right_muskip=\muskip20
.................................................
. xtemplate info: "declare-object-type"
. 
. Declaring object type 'xfrac' taking 3 argument(s) on line 96.
.................................................
.................................................
. LaTeX info: "xparse/define-command"
. 
. Defining document command \sfrac with arg. spec. 'omom' on line 436.
.................................................
) (C:\Users\Shiva\Documents\GitHub\ME552\Lab3\Docs\Tex\ME552_Lab3.aux)
LaTeX Font Info:    Checking defaults for OML/cmm/m/it on input line 88.
LaTeX Font Info:    ... okay on input line 88.
LaTeX Font Info:    Checking defaults for T1/cmr/m/n on input line 88.
LaTeX Font Info:    ... okay on input line 88.
LaTeX Font Info:    Checking defaults for OT1/cmr/m/n on input line 88.
LaTeX Font Info:    ... okay on input line 88.
LaTeX Font Info:    Checking defaults for OMS/cmsy/m/n on input line 88.
LaTeX Font Info:    ... okay on input line 88.
LaTeX Font Info:    Checking defaults for OMX/cmex/m/n on input line 88.
LaTeX Font Info:    ... okay on input line 88.
LaTeX Font Info:    Checking defaults for U/cmr/m/n on input line 88.
LaTeX Font Info:    ... okay on input line 88.
LaTeX Font Info:    Checking defaults for TS1/cmr/m/n on input line 88.
LaTeX Font Info:    Try loading font information for TS1+cmr on input line 88.
("C:\Program Files (x86)\MiKTeX 2.9\tex\latex\base\ts1cmr.fd"
File: ts1cmr.fd 1999/05/25 v2.5h Standard LaTeX font definitions
)
LaTeX Font Info:    ... okay on input line 88.

(C:\Users\Shiva\AppData\Roaming\MiKTeX\2.9\tex\context\base\supp-pdf.mkii
[Loading MPS to PDF converter (version 2006.09.02).]
\scratchcounter=\count139
\scratchdimen=\dimen149
\scratchbox=\box43
\nofMPsegments=\count140
\nofMParguments=\count141
\everyMPshowfont=\toks28
\MPscratchCnt=\count142
\MPscratchDim=\dimen150
\MPnumerator=\count143
\makeMPintoPDFobject=\count144
\everyMPtoPDFconversion=\toks29
)
Underfull \hbox (badness 10000) in paragraph at lines 102--104

 []


Underfull \hbox (badness 10000) in paragraph at lines 105--107

 []


Underfull \hbox (badness 10000) in paragraph at lines 108--110

 []

LaTeX Font Info:    Try loading font information for U+msa on input line 113.
("C:\Program Files (x86)\MiKTeX 2.9\tex\latex\amsfonts\umsa.fd"
File: umsa.fd 2009/06/22 v3.00 AMS symbols A
)
LaTeX Font Info:    Try loading font information for U+msb on input line 113.

("C:\Program Files (x86)\MiKTeX 2.9\tex\latex\amsfonts\umsb.fd"
File: umsb.fd 2009/06/22 v3.00 AMS symbols B
) [1

{C:/Users/Shiva/AppData/Local/MiKTeX/2.9/pdftex/config/pdftex.map}]
<q1a_u1.png, id=12, 1135.24126pt x 1094.0875pt>
File: q1a_u1.png Graphic file (type png)
 <use q1a_u1.png>
Package pdftex.def Info: q1a_u1.png used on input line 155.
(pdftex.def)             Requested size: 284.52756pt x 274.20567pt.

<q1a_u3.png, id=14, 1027.84pt x 801.99625pt>
File: q1a_u3.png Graphic file (type png)
 <use q1a_u3.png>
Package pdftex.def Info: q1a_u3.png used on input line 170.
(pdftex.def)             Requested size: 284.52756pt x 222.01202pt.
 [2 <C:/Users/Shiva/Documents/GitHub/ME552/Lab3/Docs/Tex/q1a_u1.png>]
<q1a_u4.png, id=25, 1027.84pt x 905.3825pt>
File: q1a_u4.png Graphic file (type png)
 <use q1a_u4.png>
Package pdftex.def Info: q1a_u4.png used on input line 185.
(pdftex.def)             Requested size: 284.52756pt x 250.63185pt.

Underfull \hbox (badness 10000) in paragraph at lines 206--207

 []

[3 <C:/Users/Shiva/Documents/GitHub/ME552/Lab3/Docs/Tex/q1a_u3.png>]
<temperature.png, id=30, 439.6425pt x 353.82187pt>
File: temperature.png Graphic file (type png)
 <use temperature.png>
Package pdftex.def Info: temperature.png used on input line 226.
(pdftex.def)             Requested size: 341.43306pt x 274.79219pt.

Underfull \hbox (badness 10000) in paragraph at lines 233--234

 []

[4 <C:/Users/Shiva/Documents/GitHub/ME552/Lab3/Docs/Tex/q1a_u4.png>]
Underfull \hbox (badness 10000) in paragraph at lines 236--237

 []

[5 <C:/Users/Shiva/Documents/GitHub/ME552/Lab3/Docs/Tex/temperature.png (PNG co
py)>]
Underfull \hbox (badness 10000) in paragraph at lines 239--240

 []

[6]
Underfull \hbox (badness 10000) in paragraph at lines 269--270

 []


Underfull \hbox (badness 10000) in paragraph at lines 281--282

 []


Underfull \hbox (badness 10000) in paragraph at lines 283--284

 []

<dcmotor.png, id=41, 1251.67625pt x 677.53125pt>
File: dcmotor.png Graphic file (type png)
 <use dcmotor.png>
Package pdftex.def Info: dcmotor.png used on input line 288.
(pdftex.def)             Requested size: 369.88582pt x 200.22148pt.
 [7

]
LaTeX Font Info:    Calculating math sizes for size <6.99997> on input line 305
.


LaTeX Font Warning: Font shape `OT1/cmr/m/n' in size <3.49998> not available
(Font)              size <5> substituted on input line 305.


LaTeX Font Warning: Font shape `OML/cmm/m/it' in size <3.49998> not available
(Font)              size <5> substituted on input line 305.


LaTeX Font Warning: Font shape `OMS/cmsy/m/n' in size <3.49998> not available
(Font)              size <5> substituted on input line 305.

<SpeedCurrentCurve.png, id=46, 1122.1925pt x 649.42625pt>
File: SpeedCurrentCurve.png Graphic file (type png)

<use SpeedCurrentCurve.png>
Package pdftex.def Info: SpeedCurrentCurve.png used on input line 312.
(pdftex.def)             Requested size: 455.24408pt x 263.45221pt.
 [8 <C:/Users/Shiva/Documents/GitHub/ME552/Lab3/Docs/Tex/dcmotor.png>]
Underfull \hbox (badness 10000) in paragraph at lines 355--357

 []

[9 <C:/Users/Shiva/Documents/GitHub/ME552/Lab3/Docs/Tex/SpeedCurrentCurve.png (
PNG copy)>]
Underfull \hbox (badness 10000) in paragraph at lines 358--359

 []

<initialModel.png, id=55, 909.3975pt x 516.93124pt>
File: initialModel.png Graphic file (type png)
 <use initialModel.png>
Package pdftex.def Info: initialModel.png used on input line 378.
(pdftex.def)             Requested size: 398.33858pt x 226.43292pt.

<fitModel.png, id=56, 1122.1925pt x 701.62125pt>
File: fitModel.png Graphic file (type png)
 <use fitModel.png>
Package pdftex.def Info: fitModel.png used on input line 386.
(pdftex.def)             Requested size: 398.33858pt x 249.0505pt.

<2ndexamplefit.png, id=57, 1122.1925pt x 721.69624pt>
File: 2ndexamplefit.png Graphic file (type png)
 <use 2ndexamplefit.png>
Package pdftex.def Info: 2ndexamplefit.png used on input line 394.
(pdftex.def)             Requested size: 398.33858pt x 256.17642pt.

[10 <C:/Users/Shiva/Documents/GitHub/ME552/Lab3/Docs/Tex/initialModel.png (PNG 
copy)>]
Underfull \hbox (badness 10000) in paragraph at lines 427--428

 []


Underfull \hbox (badness 10000) in paragraph at lines 447--448

 []

<awesomefitFiner.png, id=63, 1122.1925pt x 712.6625pt>
File: awesomefitFiner.png Graphic file (type png)

<use awesomefitFiner.png>
Package pdftex.def Info: awesomefitFiner.png used on input line 467.
(pdftex.def)             Requested size: 398.33858pt x 252.96977pt.
 [11 <C:/Users/Shiva/Documents/GitHub/ME552/Lab3/Docs/Tex/fitModel.png (PNG cop
y)>] [12 <C:/Users/Shiva/Documents/GitHub/ME552/Lab3/Docs/Tex/2ndexamplefit.png
 (PNG copy)>] [13 <C:/Users/Shiva/Documents/GitHub/ME552/Lab3/Docs/Tex/awesomef
itFiner.png (PNG copy)>] [14

]
Underfull \hbox (badness 10000) in paragraph at lines 493--494

 []


Underfull \hbox (badness 10000) in paragraph at lines 509--510

 []

<posstep_1pi.png, id=77, 1122.1925pt x 658.46pt>
File: posstep_1pi.png Graphic file (type png)
 <use posstep_1pi.png>
Package pdftex.def Info: posstep_1pi.png used on input line 515.
(pdftex.def)             Requested size: 398.33858pt x 233.72981pt.

<positionStepError.png, id=78, 439.6425pt x 353.82187pt>
File: positionStepError.png Graphic file (type png)

<use positionStepError.png>
Package pdftex.def Info: positionStepError.png used on input line 523.
(pdftex.def)             Requested size: 341.43306pt x 274.79219pt.

Underfull \hbox (badness 10000) in paragraph at lines 529--530

 []

[15

 <C:/Users/Shiva/Documents/GitHub/ME552/Lab3/Docs/Tex/posstep_1pi.png (PNG copy
)>] <PosNoise.png, id=82, 439.6425pt x 353.82187pt>
File: PosNoise.png Graphic file (type png)
 <use PosNoise.png>
Package pdftex.def Info: PosNoise.png used on input line 535.
(pdftex.def)             Requested size: 341.43306pt x 274.79219pt.

<PosNoiseZoom.png, id=83, 439.6425pt x 353.82187pt>
File: PosNoiseZoom.png Graphic file (type png)
 <use PosNoiseZoom.png>
Package pdftex.def Info: PosNoiseZoom.png used on input line 543.
(pdftex.def)             Requested size: 341.43306pt x 274.79219pt.

Underfull \hbox (badness 10000) in paragraph at lines 549--550

 []

<PositionControl_Error.png, id=84, 539.76656pt x 420.06938pt>
File: PositionControl_Error.png Graphic file (type png)

<use PositionControl_Error.png>
Package pdftex.def Info: PositionControl_Error.png used on input line 585.
(pdftex.def)             Requested size: 398.33858pt x 310.0068pt.

Underfull \hbox (badness 10000) in paragraph at lines 591--592

 []

<PositionControl_Magnitude.png, id=85, 780.66656pt x 417.81094pt>
File: PositionControl_Magnitude.png Graphic file (type png)

<use PositionControl_Magnitude.png>
Package pdftex.def Info: PositionControl_Magnitude.png used on input line 595.
(pdftex.def)             Requested size: 398.33858pt x 213.18913pt.

Underfull \hbox (badness 10000) in paragraph at lines 601--602

 []

[16 <C:/Users/Shiva/Documents/GitHub/ME552/Lab3/Docs/Tex/positionStepError.png 
(PNG copy)>] [17 <C:/Users/Shiva/Documents/GitHub/ME552/Lab3/Docs/Tex/PosNoise.
png (PNG copy)>] [18 <C:/Users/Shiva/Documents/GitHub/ME552/Lab3/Docs/Tex/PosNo
iseZoom.png (PNG copy)>] [19 <C:/Users/Shiva/Documents/GitHub/ME552/Lab3/Docs/T
ex/PositionControl_Error.png> <C:/Users/Shiva/Documents/GitHub/ME552/Lab3/Docs/
Tex/PositionControl_Magnitude.png>]
Underfull \hbox (badness 10000) in paragraph at lines 609--610

 []


Underfull \hbox (badness 10000) in paragraph at lines 612--613

 []


Underfull \hbox (badness 10000) in paragraph at lines 614--615

 []


Underfull \hbox (badness 10000) in paragraph at lines 616--617

 []


Underfull \hbox (badness 10000) in paragraph at lines 620--621

 []

File: posstep_1pi.png Graphic file (type png)
<use posstep_1pi.png>
Package pdftex.def Info: posstep_1pi.png used on input line 642.
(pdftex.def)             Requested size: 398.33858pt x 233.72981pt.
 <posstep_15pi.png, id=99, 1122.1925pt x 676.5275pt>
File: posstep_15pi.png Graphic file (type png)

<use posstep_15pi.png>
Package pdftex.def Info: posstep_15pi.png used on input line 650.
(pdftex.def)             Requested size: 398.33858pt x 240.14313pt.
 <posstep_2pi.png, id=100, 1122.1925pt x 667.49374pt>
File: posstep_2pi.png Graphic file (type png)

<use posstep_2pi.png>
Package pdftex.def Info: posstep_2pi.png used on input line 658.
(pdftex.def)             Requested size: 398.33858pt x 236.93648pt.
 <posstep_3pi.png, id=101, 1122.1925pt x 685.56125pt>
File: posstep_3pi.png Graphic file (type png)

<use posstep_3pi.png>
Package pdftex.def Info: posstep_3pi.png used on input line 666.
(pdftex.def)             Requested size: 398.33858pt x 243.3498pt.
 <posstep_4pi.png, id=102, 1122.1925pt x 694.595pt>
File: posstep_4pi.png Graphic file (type png)

<use posstep_4pi.png>
Package pdftex.def Info: posstep_4pi.png used on input line 674.
(pdftex.def)             Requested size: 398.33858pt x 246.55646pt.
 [20

] [21 <C:/Users/Shiva/Documents/GitHub/ME552/Lab3/Docs/Tex/posstep_15pi.png (PN
G copy)>] [22 <C:/Users/Shiva/Documents/GitHub/ME552/Lab3/Docs/Tex/posstep_2pi.
png (PNG copy)> <C:/Users/Shiva/Documents/GitHub/ME552/Lab3/Docs/Tex/posstep_3p
i.png (PNG copy)>] [23 <C:/Users/Shiva/Documents/GitHub/ME552/Lab3/Docs/Tex/pos
step_4pi.png (PNG copy)>]
Underfull \hbox (badness 10000) in paragraph at lines 685--686

 []


Underfull \hbox (badness 10000) in paragraph at lines 700--701

 []

<velstep2Pi.png, id=115, 1103.12125pt x 858.20625pt>
File: velstep2Pi.png Graphic file (type png)
 <use velstep2Pi.png>
Package pdftex.def Info: velstep2Pi.png used on input line 706.
(pdftex.def)             Requested size: 341.43306pt x 265.62215pt.

<VelStepError.png, id=116, 439.6425pt x 353.82187pt>
File: VelStepError.png Graphic file (type png)
 <use VelStepError.png>
Package pdftex.def Info: VelStepError.png used on input line 714.
(pdftex.def)             Requested size: 341.43306pt x 274.79219pt.

<velstep0_5Pi.png, id=117, 1103.12125pt x 858.20625pt>
File: velstep0_5Pi.png Graphic file (type png)
 <use velstep0_5Pi.png>
Package pdftex.def Info: velstep0_5Pi.png used on input line 736.
(pdftex.def)             Requested size: 341.43306pt x 265.62215pt.

<velstepPi.png, id=118, 1103.12125pt x 858.20625pt>
File: velstepPi.png Graphic file (type png)
 <use velstepPi.png>
Package pdftex.def Info: velstepPi.png used on input line 744.
(pdftex.def)             Requested size: 341.43306pt x 265.62215pt.

<velstep1_5Pi.png, id=119, 1103.12125pt x 858.20625pt>
File: velstep1_5Pi.png Graphic file (type png)
 <use velstep1_5Pi.png>
Package pdftex.def Info: velstep1_5Pi.png used on input line 752.
(pdftex.def)             Requested size: 341.43306pt x 265.62215pt.

<velstep5Pi.png, id=120, 1103.12125pt x 858.20625pt>
File: velstep5Pi.png Graphic file (type png)
 <use velstep5Pi.png>
Package pdftex.def Info: velstep5Pi.png used on input line 760.
(pdftex.def)             Requested size: 341.43306pt x 265.62215pt.

<velstep10Pi.png, id=121, 1103.12125pt x 858.20625pt>
File: velstep10Pi.png Graphic file (type png)
 <use velstep10Pi.png>
Package pdftex.def Info: velstep10Pi.png used on input line 768.
(pdftex.def)             Requested size: 341.43306pt x 265.62215pt.

Underfull \hbox (badness 10000) in paragraph at lines 774--775

 []

[24

 <C:/Users/Shiva/Documents/GitHub/ME552/Lab3/Docs/Tex/velstep2Pi.png (PNG copy)
>] <velstep2PiwNoise.png, id=125, 1103.12125pt x 858.20625pt>
File: velstep2PiwNoise.png Graphic file (type png)

<use velstep2PiwNoise.png>
Package pdftex.def Info: velstep2PiwNoise.png used on input line 780.
(pdftex.def)             Requested size: 341.43306pt x 265.62215pt.

<VelErrorNoise.png, id=126, 439.6425pt x 353.82187pt>
File: VelErrorNoise.png Graphic file (type png)
 <use VelErrorNoise.png>
Package pdftex.def Info: VelErrorNoise.png used on input line 788.
(pdftex.def)             Requested size: 341.43306pt x 274.79219pt.

Underfull \hbox (badness 10000) in paragraph at lines 808--809

 []

[25 <C:/Users/Shiva/Documents/GitHub/ME552/Lab3/Docs/Tex/VelStepError.png (PNG 
copy)>] <VelocityControl_Error.png, id=131, 548.80031pt x 410.2828pt>
File: VelocityControl_Error.png Graphic file (type png)

<use VelocityControl_Error.png>
Package pdftex.def Info: VelocityControl_Error.png used on input line 846.
(pdftex.def)             Requested size: 398.33858pt x 297.80112pt.

Underfull \hbox (badness 10000) in paragraph at lines 852--853

 []

<VelocityControl_Magnitude.png, id=132, 689.57625pt x 368.87813pt>
File: VelocityControl_Magnitude.png Graphic file (type png)

<use VelocityControl_Magnitude.png>
Package pdftex.def Info: VelocityControl_Magnitude.png used on input line 856.
(pdftex.def)             Requested size: 398.33858pt x 213.08827pt.

Underfull \hbox (badness 10000) in paragraph at lines 862--863

 []

[26 <C:/Users/Shiva/Documents/GitHub/ME552/Lab3/Docs/Tex/velstep0_5Pi.png (PNG 
copy)>] [27 <C:/Users/Shiva/Documents/GitHub/ME552/Lab3/Docs/Tex/velstepPi.png 
(PNG copy)>] [28 <C:/Users/Shiva/Documents/GitHub/ME552/Lab3/Docs/Tex/velstep1_
5Pi.png (PNG copy)> <C:/Users/Shiva/Documents/GitHub/ME552/Lab3/Docs/Tex/velste
p5Pi.png (PNG copy)>] [29 <C:/Users/Shiva/Documents/GitHub/ME552/Lab3/Docs/Tex/
velstep10Pi.png (PNG copy)> <C:/Users/Shiva/Documents/GitHub/ME552/Lab3/Docs/Te
x/velstep2PiwNoise.png (PNG copy)>] [30 <C:/Users/Shiva/Documents/GitHub/ME552/
Lab3/Docs/Tex/VelErrorNoise.png (PNG copy)>] [31 <C:/Users/Shiva/Documents/GitH
ub/ME552/Lab3/Docs/Tex/VelocityControl_Error.png> <C:/Users/Shiva/Documents/Git
Hub/ME552/Lab3/Docs/Tex/VelocityControl_Magnitude.png>]
(C:\Users\Shiva\Documents\GitHub\ME552\Lab3\Docs\Tex\ME552_Lab3.aux)

LaTeX Font Warning: Size substitutions with differences
(Font)              up to 3.25002pt have occurred.

 ) 
Here is how much of TeX's memory you used:
 8586 strings out of 494045
 151102 string characters out of 3145970
 196117 words of memory out of 3000000
 11742 multiletter control sequences out of 15000+200000
 13262 words of font info for 55 fonts, out of 3000000 for 9000
 715 hyphenation exceptions out of 8191
 44i,13n,31p,1403b,277s stack positions out of 5000i,500n,10000p,200000b,50000s
<C:/Program Files (x86)/MiKTeX 2.9/fonts/type1/public/amsfonts/cm/cmbx10.pfb>
<C:/Program Files (x86)/MiKTeX 2.9/fonts/type1/public/amsfonts/cm/cmbx12.pfb><C
:/Program Files (x86)/MiKTeX 2.9/fonts/type1/public/amsfonts/cm/cmcsc10.pfb><C:
/Program Files (x86)/MiKTeX 2.9/fonts/type1/public/amsfonts/cm/cmex10.pfb><C:/P
rogram Files (x86)/MiKTeX 2.9/fonts/type1/public/amsfonts/cm/cmmi10.pfb><C:/Pro
gram Files (x86)/MiKTeX 2.9/fonts/type1/public/amsfonts/cm/cmmi5.pfb><C:/Progra
m Files (x86)/MiKTeX 2.9/fonts/type1/public/amsfonts/cm/cmmi7.pfb><C:/Program F
iles (x86)/MiKTeX 2.9/fonts/type1/public/amsfonts/cm/cmr10.pfb><C:/Program File
s (x86)/MiKTeX 2.9/fonts/type1/public/amsfonts/cm/cmr17.pfb><C:/Program Files (
x86)/MiKTeX 2.9/fonts/type1/public/amsfonts/cm/cmr5.pfb><C:/Program Files (x86)
/MiKTeX 2.9/fonts/type1/public/amsfonts/cm/cmr7.pfb><C:/Program Files (x86)/MiK
TeX 2.9/fonts/type1/public/amsfonts/cm/cmr9.pfb><C:/Program Files (x86)/MiKTeX 
2.9/fonts/type1/public/amsfonts/cm/cmsy10.pfb><C:/Program Files (x86)/MiKTeX 2.
9/fonts/type1/public/amsfonts/cm/cmsy5.pfb><C:/Program Files (x86)/MiKTeX 2.9/f
onts/type1/public/amsfonts/cm/cmsy7.pfb><C:/Program Files (x86)/MiKTeX 2.9/font
s/type1/public/amsfonts/cm/cmti9.pfb>
Output written on ME552_Lab3.pdf (31 pages, 685720 bytes).
PDF statistics:
 202 PDF objects out of 1000 (max. 8388607)
 0 named destinations out of 1000 (max. 500000)
 156 words of extra memory for PDF output out of 10000 (max. 10000000)

